[ 2017-05-09T09:06:08+08:00 ] ::1 /yvanfa/
INFO: [ app_init ] --START--
INFO: Run Behavior\BuildLiteBehavior [ RunTime:0.000000s ]
INFO: [ app_init ] --END-- [ RunTime:0.003000s ]
INFO: [ app_begin ] --START--
INFO: Run Behavior\ReadHtmlCacheBehavior [ RunTime:0.001000s ]
INFO: [ app_begin ] --END-- [ RunTime:0.001000s ]
SQL: SHOW COLUMNS FROM `wd_cate` [ RunTime:0.0120s ]
SQL: SELECT * FROM `wd_cate` WHERE ( pid=0 ) ORDER BY sort asc  [ RunTime:0.0020s ]
SQL: SELECT * FROM `wd_cate` WHERE ( pid=10 ) ORDER BY sort asc  [ RunTime:0.0000s ]
SQL: SELECT * FROM `wd_cate` WHERE ( pid=11 ) ORDER BY sort asc  [ RunTime:0.0000s ]
SQL: SELECT * FROM `wd_cate` WHERE ( pid=22 ) ORDER BY sort asc  [ RunTime:0.0010s ]
SQL: SELECT * FROM `wd_cate` WHERE ( pid=14 ) ORDER BY sort asc  [ RunTime:0.0000s ]
SQL: SELECT * FROM `wd_cate` WHERE ( pid=15 ) ORDER BY sort asc  [ RunTime:0.0000s ]
SQL: SELECT * FROM `wd_cate` WHERE ( pid=16 ) ORDER BY sort asc  [ RunTime:0.0000s ]
SQL: SELECT * FROM `wd_cate` WHERE ( pid=18 ) ORDER BY sort asc  [ RunTime:0.0010s ]
SQL: SHOW COLUMNS FROM `wd_contact` [ RunTime:0.0070s ]
SQL: SELECT * FROM `wd_contact` LIMIT 1   [ RunTime:0.0000s ]
SQL: SHOW COLUMNS FROM `wd_web` [ RunTime:0.0080s ]
SQL: SELECT * FROM `wd_web` LIMIT 1   [ RunTime:0.0010s ]
NOTIC: [8] Undefined index: time E:\wamp\www\yvanfa\Application\Home\Controller\CommonController.class.php 第 29 行.
SQL: SHOW COLUMNS FROM `wd_visit_log` [ RunTime:0.0060s ]
NOTIC: [8] Undefined index: HTTP_X_REAL_IP E:\wamp\www\yvanfa\Application\Common\Common\function.php 第 55 行.
SQL: INSERT INTO `wd_visit_log` (`ip`,`time`,`type`) VALUES ('0.0.0.0','2017-05-09 09:06:08','0') [ RunTime:0.0040s ]
SQL: SHOW COLUMNS FROM `wd_column` [ RunTime:0.0060s ]
SQL: SELECT * FROM `wd_column`  [ RunTime:0.0000s ]
SQL: SHOW COLUMNS FROM `wd_product` [ RunTime:0.0040s ]
SQL: SELECT * FROM `wd_product` WHERE ( pid=0 ) ORDER BY sort asc  [ RunTime:0.0000s ]
SQL: SELECT * FROM `wd_product` WHERE ( pid=10 ) ORDER BY sort asc  [ RunTime:0.0000s ]
SQL: SELECT * FROM `wd_product` WHERE ( pid=24 ) ORDER BY sort asc  [ RunTime:0.0000s ]
SQL: SELECT * FROM `wd_product` WHERE ( pid=25 ) ORDER BY sort asc  [ RunTime:0.0010s ]
SQL: SELECT * FROM `wd_product` WHERE ( pid=23 ) ORDER BY sort asc  [ RunTime:0.0010s ]
SQL: SELECT * FROM `wd_product` WHERE ( pid=27 ) ORDER BY sort asc  [ RunTime:0.0010s ]
SQL: SELECT * FROM `wd_product` WHERE ( pid=11 ) ORDER BY sort asc  [ RunTime:0.0000s ]
SQL: SELECT * FROM `wd_product` WHERE ( pid=28 ) ORDER BY sort asc  [ RunTime:0.0000s ]
NOTIC: [8] Undefined index: issuer E:\wamp\www\yvanfa\Application\Home\Controller\IndexController.class.php 第 18 行.
SQL: SHOW COLUMNS FROM `wd_product_content` [ RunTime:0.0070s ]
SQL: SELECT COUNT(*) AS tp_count FROM `wd_product_content` WHERE ( pid=24 ) LIMIT 1   [ RunTime:0.0030s ]
SQL: SELECT * FROM `wd_product_content` WHERE ( pid=24 ) ORDER BY time desc, id desc LIMIT 0,9   [ RunTime:0.0010s ]
SQL: SHOW COLUMNS FROM `wd_advantage` [ RunTime:0.0050s ]
SQL: SELECT * FROM `wd_advantage` ORDER BY time desc, id desc LIMIT 0,4   [ RunTime:0.0010s ]
SQL: SHOW COLUMNS FROM `wd_advantage_imgs` [ RunTime:0.0060s ]
SQL: SELECT * FROM `wd_advantage_imgs` LIMIT 0,7   [ RunTime:0.0000s ]
SQL: SHOW COLUMNS FROM `wd_cases_content` [ RunTime:0.0060s ]
SQL: SELECT COUNT(*) AS tp_count FROM `wd_cases_content` LIMIT 1   [ RunTime:0.0000s ]
SQL: SELECT * FROM `wd_cases_content` ORDER BY time desc LIMIT 0,6   [ RunTime:0.0010s ]
SQL: SHOW COLUMNS FROM `wd_honor_content` [ RunTime:0.0060s ]
SQL: SELECT COUNT(*) AS tp_count FROM `wd_honor_content` LIMIT 1   [ RunTime:0.0000s ]
SQL: SELECT * FROM `wd_honor_content` ORDER BY time desc LIMIT 0,2   [ RunTime:0.0000s ]
SQL: SHOW COLUMNS FROM `wd_news_content` [ RunTime:0.0050s ]
SQL: SELECT COUNT(*) AS tp_count FROM `wd_news_content` LIMIT 1   [ RunTime:0.0010s ]
SQL: SELECT * FROM `wd_news_content` ORDER BY time desc LIMIT 0,3   [ RunTime:0.0000s ]
INFO: [ view_parse ] --START--
INFO: [ template_filter ] --START--
INFO: Run Behavior\ContentReplaceBehavior [ RunTime:0.001000s ]
INFO: [ template_filter ] --END-- [ RunTime:0.002000s ]
INFO: Run Behavior\ParseTemplateBehavior [ RunTime:0.074000s ]
INFO: [ view_parse ] --END-- [ RunTime:0.074000s ]
INFO: [ view_filter ] --START--
INFO: Run Behavior\WriteHtmlCacheBehavior [ RunTime:0.001000s ]
INFO: [ view_filter ] --END-- [ RunTime:0.002000s ]
INFO: [ app_end ] --START--
INFO: Run Behavior\ShowPageTraceBehavior [ RunTime:0.001000s ]
INFO: [ app_end ] --END-- [ RunTime:0.001000s ]

[ 2017-05-09T09:07:00+08:00 ] ::1 /yvanfa/
INFO: [ app_init ] --START--
INFO: Run Behavior\BuildLiteBehavior [ RunTime:0.000000s ]
INFO: [ app_init ] --END-- [ RunTime:0.001000s ]
INFO: [ app_begin ] --START--
INFO: Run Behavior\ReadHtmlCacheBehavior [ RunTime:0.001000s ]
INFO: [ app_begin ] --END-- [ RunTime:0.001000s ]
SQL: SHOW COLUMNS FROM `wd_cate` [ RunTime:0.0030s ]
SQL: SELECT * FROM `wd_cate` WHERE ( pid=0 ) ORDER BY sort asc  [ RunTime:0.0000s ]
SQL: SELECT * FROM `wd_cate` WHERE ( pid=10 ) ORDER BY sort asc  [ RunTime:0.0000s ]
SQL: SELECT * FROM `wd_cate` WHERE ( pid=11 ) ORDER BY sort asc  [ RunTime:0.0010s ]
SQL: SELECT * FROM `wd_cate` WHERE ( pid=22 ) ORDER BY sort asc  [ RunTime:0.0010s ]
SQL: SELECT * FROM `wd_cate` WHERE ( pid=14 ) ORDER BY sort asc  [ RunTime:0.0000s ]
SQL: SELECT * FROM `wd_cate` WHERE ( pid=15 ) ORDER BY sort asc  [ RunTime:0.0000s ]
SQL: SELECT * FROM `wd_cate` WHERE ( pid=16 ) ORDER BY sort asc  [ RunTime:0.0000s ]
SQL: SELECT * FROM `wd_cate` WHERE ( pid=18 ) ORDER BY sort asc  [ RunTime:0.0010s ]
SQL: SHOW COLUMNS FROM `wd_contact` [ RunTime:0.0030s ]
SQL: SELECT * FROM `wd_contact` LIMIT 1   [ RunTime:0.0000s ]
SQL: SHOW COLUMNS FROM `wd_web` [ RunTime:0.0030s ]
SQL: SELECT * FROM `wd_web` LIMIT 1   [ RunTime:0.0000s ]
NOTIC: [8] Undefined index: time E:\wamp\www\yvanfa\Application\Home\Controller\CommonController.class.php 第 29 行.
SQL: SHOW COLUMNS FROM `wd_visit_log` [ RunTime:0.0030s ]
NOTIC: [8] Undefined index: HTTP_X_REAL_IP E:\wamp\www\yvanfa\Application\Common\Common\function.php 第 55 行.
SQL: INSERT INTO `wd_visit_log` (`ip`,`time`,`type`) VALUES ('0.0.0.0','2017-05-09 09:07:00','0') [ RunTime:0.0040s ]
SQL: SHOW COLUMNS FROM `wd_column` [ RunTime:0.0030s ]
SQL: SELECT * FROM `wd_column`  [ RunTime:0.0000s ]
SQL: SHOW COLUMNS FROM `wd_product` [ RunTime:0.0030s ]
SQL: SELECT * FROM `wd_product` WHERE ( pid=0 ) ORDER BY sort asc  [ RunTime:0.0000s ]
SQL: SELECT * FROM `wd_product` WHERE ( pid=10 ) ORDER BY sort asc  [ RunTime:0.0010s ]
SQL: SELECT * FROM `wd_product` WHERE ( pid=24 ) ORDER BY sort asc  [ RunTime:0.0000s ]
SQL: SELECT * FROM `wd_product` WHERE ( pid=25 ) ORDER BY sort asc  [ RunTime:0.0000s ]
SQL: SELECT * FROM `wd_product` WHERE ( pid=23 ) ORDER BY sort asc  [ RunTime:0.0000s ]
SQL: SELECT * FROM `wd_product` WHERE ( pid=27 ) ORDER BY sort asc  [ RunTime:0.0010s ]
SQL: SELECT * FROM `wd_product` WHERE ( pid=11 ) ORDER BY sort asc  [ RunTime:0.0010s ]
SQL: SELECT * FROM `wd_product` WHERE ( pid=28 ) ORDER BY sort asc  [ RunTime:0.0000s ]
NOTIC: [8] Undefined index: issuer E:\wamp\www\yvanfa\Application\Home\Controller\IndexController.class.php 第 18 行.
SQL: SHOW COLUMNS FROM `wd_product_content` [ RunTime:0.0030s ]
SQL: SELECT COUNT(*) AS tp_count FROM `wd_product_content` WHERE ( pid=24 ) LIMIT 1   [ RunTime:0.0000s ]
SQL: SELECT * FROM `wd_product_content` WHERE ( pid=24 ) ORDER BY time desc, id desc LIMIT 0,9   [ RunTime:0.0000s ]
SQL: SHOW COLUMNS FROM `wd_advantage` [ RunTime:0.0030s ]
SQL: SELECT * FROM `wd_advantage` ORDER BY time desc, id desc LIMIT 0,4   [ RunTime:0.0000s ]
SQL: SHOW COLUMNS FROM `wd_advantage_imgs` [ RunTime:0.0020s ]
SQL: SELECT * FROM `wd_advantage_imgs` LIMIT 0,7   [ RunTime:0.0000s ]
SQL: SHOW COLUMNS FROM `wd_cases_content` [ RunTime:0.0020s ]
SQL: SELECT COUNT(*) AS tp_count FROM `wd_cases_content` LIMIT 1   [ RunTime:0.0000s ]
SQL: SELECT * FROM `wd_cases_content` ORDER BY time desc LIMIT 0,6   [ RunTime:0.0000s ]
SQL: SHOW COLUMNS FROM `wd_honor_content` [ RunTime:0.0030s ]
SQL: SELECT COUNT(*) AS tp_count FROM `wd_honor_content` LIMIT 1   [ RunTime:0.0000s ]
SQL: SELECT * FROM `wd_honor_content` ORDER BY time desc LIMIT 0,2   [ RunTime:0.0010s ]
SQL: SHOW COLUMNS FROM `wd_news_content` [ RunTime:0.0030s ]
SQL: SELECT COUNT(*) AS tp_count FROM `wd_news_content` LIMIT 1   [ RunTime:0.0010s ]
SQL: SELECT * FROM `wd_news_content` ORDER BY time desc LIMIT 0,3   [ RunTime:0.0000s ]
INFO: [ view_parse ] --START--
INFO: [ template_filter ] --START--
INFO: Run Behavior\ContentReplaceBehavior [ RunTime:0.000000s ]
INFO: [ template_filter ] --END-- [ RunTime:0.000000s ]
INFO: Run Behavior\ParseTemplateBehavior [ RunTime:0.049000s ]
INFO: [ view_parse ] --END-- [ RunTime:0.050000s ]
INFO: [ view_filter ] --START--
INFO: Run Behavior\WriteHtmlCacheBehavior [ RunTime:0.000000s ]
INFO: [ view_filter ] --END-- [ RunTime:0.000000s ]
INFO: [ app_end ] --START--
INFO: Run Behavior\ShowPageTraceBehavior [ RunTime:0.001000s ]
INFO: [ app_end ] --END-- [ RunTime:0.001000s ]

[ 2017-05-09T09:07:00+08:00 ] ::1 /yvanfa/
INFO: [ app_init ] --START--
INFO: Run Behavior\BuildLiteBehavior [ RunTime:0.000000s ]
INFO: [ app_init ] --END-- [ RunTime:0.000000s ]
INFO: [ app_begin ] --START--
INFO: Run Behavior\ReadHtmlCacheBehavior [ RunTime:0.000000s ]
INFO: [ app_begin ] --END-- [ RunTime:0.000000s ]
SQL: SHOW COLUMNS FROM `wd_cate` [ RunTime:0.0020s ]
SQL: SELECT * FROM `wd_cate` WHERE ( pid=0 ) ORDER BY sort asc  [ RunTime:0.0000s ]
SQL: SELECT * FROM `wd_cate` WHERE ( pid=10 ) ORDER BY sort asc  [ RunTime:0.0000s ]
SQL: SELECT * FROM `wd_cate` WHERE ( pid=11 ) ORDER BY sort asc  [ RunTime:0.0000s ]
SQL: SELECT * FROM `wd_cate` WHERE ( pid=22 ) ORDER BY sort asc  [ RunTime:0.0000s ]
SQL: SELECT * FROM `wd_cate` WHERE ( pid=14 ) ORDER BY sort asc  [ RunTime:0.0000s ]
SQL: SELECT * FROM `wd_cate` WHERE ( pid=15 ) ORDER BY sort asc  [ RunTime:0.0000s ]
SQL: SELECT * FROM `wd_cate` WHERE ( pid=16 ) ORDER BY sort asc  [ RunTime:0.0010s ]
SQL: SELECT * FROM `wd_cate` WHERE ( pid=18 ) ORDER BY sort asc  [ RunTime:0.0000s ]
SQL: SHOW COLUMNS FROM `wd_contact` [ RunTime:0.0020s ]
SQL: SELECT * FROM `wd_contact` LIMIT 1   [ RunTime:0.0000s ]
SQL: SHOW COLUMNS FROM `wd_web` [ RunTime:0.0030s ]
SQL: SELECT * FROM `wd_web` LIMIT 1   [ RunTime:0.0000s ]
SQL: SHOW COLUMNS FROM `wd_visit_log` [ RunTime:0.0020s ]
SQL: UPDATE `wd_visit_log` SET `shua`=shua+1 WHERE `id` = 99 [ RunTime:0.0040s ]
SQL: SHOW COLUMNS FROM `wd_column` [ RunTime:0.0030s ]
SQL: SELECT * FROM `wd_column`  [ RunTime:0.0000s ]
SQL: SHOW COLUMNS FROM `wd_product` [ RunTime:0.0020s ]
SQL: SELECT * FROM `wd_product` WHERE ( pid=0 ) ORDER BY sort asc  [ RunTime:0.0000s ]
SQL: SELECT * FROM `wd_product` WHERE ( pid=10 ) ORDER BY sort asc  [ RunTime:0.0000s ]
SQL: SELECT * FROM `wd_product` WHERE ( pid=24 ) ORDER BY sort asc  [ RunTime:0.0000s ]
SQL: SELECT * FROM `wd_product` WHERE ( pid=25 ) ORDER BY sort asc  [ RunTime:0.0000s ]
SQL: SELECT * FROM `wd_product` WHERE ( pid=23 ) ORDER BY sort asc  [ RunTime:0.0010s ]
SQL: SELECT * FROM `wd_product` WHERE ( pid=27 ) ORDER BY sort asc  [ RunTime:0.0000s ]
SQL: SELECT * FROM `wd_product` WHERE ( pid=11 ) ORDER BY sort asc  [ RunTime:0.0010s ]
SQL: SELECT * FROM `wd_product` WHERE ( pid=28 ) ORDER BY sort asc  [ RunTime:0.0000s ]
NOTIC: [8] Undefined index: issuer E:\wamp\www\yvanfa\Application\Home\Controller\IndexController.class.php 第 18 行.
SQL: SHOW COLUMNS FROM `wd_product_content` [ RunTime:0.0030s ]
SQL: SELECT COUNT(*) AS tp_count FROM `wd_product_content` WHERE ( pid=24 ) LIMIT 1   [ RunTime:0.0000s ]
SQL: SELECT * FROM `wd_product_content` WHERE ( pid=24 ) ORDER BY time desc, id desc LIMIT 0,9   [ RunTime:0.0000s ]
SQL: SHOW COLUMNS FROM `wd_advantage` [ RunTime:0.0030s ]
SQL: SELECT * FROM `wd_advantage` ORDER BY time desc, id desc LIMIT 0,4   [ RunTime:0.0000s ]
SQL: SHOW COLUMNS FROM `wd_advantage_imgs` [ RunTime:0.0030s ]
SQL: SELECT * FROM `wd_advantage_imgs` LIMIT 0,7   [ RunTime:0.0000s ]
SQL: SHOW COLUMNS FROM `wd_cases_content` [ RunTime:0.0020s ]
SQL: SELECT COUNT(*) AS tp_count FROM `wd_cases_content` LIMIT 1   [ RunTime:0.0000s ]
SQL: SELECT * FROM `wd_cases_content` ORDER BY time desc LIMIT 0,6   [ RunTime:0.0010s ]
SQL: SHOW COLUMNS FROM `wd_honor_content` [ RunTime:0.0020s ]
SQL: SELECT COUNT(*) AS tp_count FROM `wd_honor_content` LIMIT 1   [ RunTime:0.0010s ]
SQL: SELECT * FROM `wd_honor_content` ORDER BY time desc LIMIT 0,2   [ RunTime:0.0000s ]
SQL: SHOW COLUMNS FROM `wd_news_content` [ RunTime:0.0020s ]
SQL: SELECT COUNT(*) AS tp_count FROM `wd_news_content` LIMIT 1   [ RunTime:0.0000s ]
SQL: SELECT * FROM `wd_news_content` ORDER BY time desc LIMIT 0,3   [ RunTime:0.0000s ]
INFO: [ view_parse ] --START--
INFO: [ template_filter ] --START--
INFO: Run Behavior\ContentReplaceBehavior [ RunTime:0.000000s ]
INFO: [ template_filter ] --END-- [ RunTime:0.000000s ]
INFO: Run Behavior\ParseTemplateBehavior [ RunTime:0.043000s ]
INFO: [ view_parse ] --END-- [ RunTime:0.043000s ]
INFO: [ view_filter ] --START--
INFO: Run Behavior\WriteHtmlCacheBehavior [ RunTime:0.001000s ]
INFO: [ view_filter ] --END-- [ RunTime:0.001000s ]
INFO: [ app_end ] --START--
INFO: Run Behavior\ShowPageTraceBehavior [ RunTime:0.001000s ]
INFO: [ app_end ] --END-- [ RunTime:0.001000s ]

[ 2017-05-09T09:07:02+08:00 ] ::1 /yvanfa/
INFO: [ app_init ] --START--
INFO: Run Behavior\BuildLiteBehavior [ RunTime:0.000000s ]
INFO: [ app_init ] --END-- [ RunTime:0.000000s ]
INFO: [ app_begin ] --START--
INFO: Run Behavior\ReadHtmlCacheBehavior [ RunTime:0.000000s ]
INFO: [ app_begin ] --END-- [ RunTime:0.000000s ]
SQL: SHOW COLUMNS FROM `wd_cate` [ RunTime:0.0030s ]
SQL: SELECT * FROM `wd_cate` WHERE ( pid=0 ) ORDER BY sort asc  [ RunTime:0.0000s ]
SQL: SELECT * FROM `wd_cate` WHERE ( pid=10 ) ORDER BY sort asc  [ RunTime:0.0010s ]
SQL: SELECT * FROM `wd_cate` WHERE ( pid=11 ) ORDER BY sort asc  [ RunTime:0.0000s ]
SQL: SELECT * FROM `wd_cate` WHERE ( pid=22 ) ORDER BY sort asc  [ RunTime:0.0010s ]
SQL: SELECT * FROM `wd_cate` WHERE ( pid=14 ) ORDER BY sort asc  [ RunTime:0.0000s ]
SQL: SELECT * FROM `wd_cate` WHERE ( pid=15 ) ORDER BY sort asc  [ RunTime:0.0010s ]
SQL: SELECT * FROM `wd_cate` WHERE ( pid=16 ) ORDER BY sort asc  [ RunTime:0.0000s ]
SQL: SELECT * FROM `wd_cate` WHERE ( pid=18 ) ORDER BY sort asc  [ RunTime:0.0010s ]
SQL: SHOW COLUMNS FROM `wd_contact` [ RunTime:0.0030s ]
SQL: SELECT * FROM `wd_contact` LIMIT 1   [ RunTime:0.0010s ]
SQL: SHOW COLUMNS FROM `wd_web` [ RunTime:0.0020s ]
SQL: SELECT * FROM `wd_web` LIMIT 1   [ RunTime:0.0000s ]
SQL: SHOW COLUMNS FROM `wd_visit_log` [ RunTime:0.0020s ]
SQL: UPDATE `wd_visit_log` SET `shua`=shua+1 WHERE `id` = 99 [ RunTime:0.0030s ]
SQL: SHOW COLUMNS FROM `wd_column` [ RunTime:0.0030s ]
SQL: SELECT * FROM `wd_column`  [ RunTime:0.0000s ]
SQL: SHOW COLUMNS FROM `wd_product` [ RunTime:0.0020s ]
SQL: SELECT * FROM `wd_product` WHERE ( pid=0 ) ORDER BY sort asc  [ RunTime:0.0000s ]
SQL: SELECT * FROM `wd_product` WHERE ( pid=10 ) ORDER BY sort asc  [ RunTime:0.0000s ]
SQL: SELECT * FROM `wd_product` WHERE ( pid=24 ) ORDER BY sort asc  [ RunTime:0.0000s ]
SQL: SELECT * FROM `wd_product` WHERE ( pid=25 ) ORDER BY sort asc  [ RunTime:0.0000s ]
SQL: SELECT * FROM `wd_product` WHERE ( pid=23 ) ORDER BY sort asc  [ RunTime:0.0000s ]
SQL: SELECT * FROM `wd_product` WHERE ( pid=27 ) ORDER BY sort asc  [ RunTime:0.0000s ]
SQL: SELECT * FROM `wd_product` WHERE ( pid=11 ) ORDER BY sort asc  [ RunTime:0.0000s ]
SQL: SELECT * FROM `wd_product` WHERE ( pid=28 ) ORDER BY sort asc  [ RunTime:0.0000s ]
NOTIC: [8] Undefined index: issuer E:\wamp\www\yvanfa\Application\Home\Controller\IndexController.class.php 第 18 行.
SQL: SHOW COLUMNS FROM `wd_product_content` [ RunTime:0.0030s ]
SQL: SELECT COUNT(*) AS tp_count FROM `wd_product_content` WHERE ( pid=24 ) LIMIT 1   [ RunTime:0.0000s ]
SQL: SELECT * FROM `wd_product_content` WHERE ( pid=24 ) ORDER BY time desc, id desc LIMIT 0,9   [ RunTime:0.0010s ]
SQL: SHOW COLUMNS FROM `wd_advantage` [ RunTime:0.0030s ]
SQL: SELECT * FROM `wd_advantage` ORDER BY time desc, id desc LIMIT 0,4   [ RunTime:0.0000s ]
SQL: SHOW COLUMNS FROM `wd_advantage_imgs` [ RunTime:0.0020s ]
SQL: SELECT * FROM `wd_advantage_imgs` LIMIT 0,7   [ RunTime:0.0000s ]
SQL: SHOW COLUMNS FROM `wd_cases_content` [ RunTime:0.0020s ]
SQL: SELECT COUNT(*) AS tp_count FROM `wd_cases_content` LIMIT 1   [ RunTime:0.0010s ]
SQL: SELECT * FROM `wd_cases_content` ORDER BY time desc LIMIT 0,6   [ RunTime:0.0000s ]
SQL: SHOW COLUMNS FROM `wd_honor_content` [ RunTime:0.0030s ]
SQL: SELECT COUNT(*) AS tp_count FROM `wd_honor_content` LIMIT 1   [ RunTime:0.0000s ]
SQL: SELECT * FROM `wd_honor_content` ORDER BY time desc LIMIT 0,2   [ RunTime:0.0000s ]
SQL: SHOW COLUMNS FROM `wd_news_content` [ RunTime:0.0030s ]
SQL: SELECT COUNT(*) AS tp_count FROM `wd_news_content` LIMIT 1   [ RunTime:0.0000s ]
SQL: SELECT * FROM `wd_news_content` ORDER BY time desc LIMIT 0,3   [ RunTime:0.0000s ]
INFO: [ view_parse ] --START--
INFO: [ template_filter ] --START--
INFO: Run Behavior\ContentReplaceBehavior [ RunTime:0.000000s ]
INFO: [ template_filter ] --END-- [ RunTime:0.000000s ]
INFO: Run Behavior\ParseTemplateBehavior [ RunTime:0.041000s ]
INFO: [ view_parse ] --END-- [ RunTime:0.041000s ]
INFO: [ view_filter ] --START--
INFO: Run Behavior\WriteHtmlCacheBehavior [ RunTime:0.000000s ]
INFO: [ view_filter ] --END-- [ RunTime:0.000000s ]
INFO: [ app_end ] --START--
INFO: Run Behavior\ShowPageTraceBehavior [ RunTime:0.000000s ]
INFO: [ app_end ] --END-- [ RunTime:0.001000s ]

[ 2017-05-09T09:10:07+08:00 ] ::1 /yvanfa/index.php/Home/index/index.html
INFO: [ app_init ] --START--
INFO: Run Behavior\BuildLiteBehavior [ RunTime:0.000000s ]
INFO: [ app_init ] --END-- [ RunTime:0.001000s ]
INFO: [ app_begin ] --START--
INFO: Run Behavior\ReadHtmlCacheBehavior [ RunTime:0.001000s ]
INFO: [ app_begin ] --END-- [ RunTime:0.001000s ]
SQL: SHOW COLUMNS FROM `wd_cate` [ RunTime:0.0030s ]
SQL: SELECT * FROM `wd_cate` WHERE ( pid=0 ) ORDER BY sort asc  [ RunTime:0.0000s ]
SQL: SELECT * FROM `wd_cate` WHERE ( pid=10 ) ORDER BY sort asc  [ RunTime:0.0000s ]
SQL: SELECT * FROM `wd_cate` WHERE ( pid=11 ) ORDER BY sort asc  [ RunTime:0.0000s ]
SQL: SELECT * FROM `wd_cate` WHERE ( pid=22 ) ORDER BY sort asc  [ RunTime:0.0000s ]
SQL: SELECT * FROM `wd_cate` WHERE ( pid=14 ) ORDER BY sort asc  [ RunTime:0.0010s ]
SQL: SELECT * FROM `wd_cate` WHERE ( pid=15 ) ORDER BY sort asc  [ RunTime:0.0000s ]
SQL: SELECT * FROM `wd_cate` WHERE ( pid=16 ) ORDER BY sort asc  [ RunTime:0.0000s ]
SQL: SELECT * FROM `wd_cate` WHERE ( pid=18 ) ORDER BY sort asc  [ RunTime:0.0010s ]
SQL: SHOW COLUMNS FROM `wd_contact` [ RunTime:0.0030s ]
SQL: SELECT * FROM `wd_contact` LIMIT 1   [ RunTime:0.0000s ]
SQL: SHOW COLUMNS FROM `wd_web` [ RunTime:0.0040s ]
SQL: SELECT * FROM `wd_web` LIMIT 1   [ RunTime:0.0000s ]
SQL: SHOW COLUMNS FROM `wd_visit_log` [ RunTime:0.0030s ]
SQL: UPDATE `wd_visit_log` SET `shua`=shua+1 WHERE `id` = 99 [ RunTime:0.0030s ]
SQL: SHOW COLUMNS FROM `wd_column` [ RunTime:0.0030s ]
SQL: SELECT * FROM `wd_column`  [ RunTime:0.0000s ]
SQL: SHOW COLUMNS FROM `wd_product` [ RunTime:0.0030s ]
SQL: SELECT * FROM `wd_product` WHERE ( pid=0 ) ORDER BY sort asc  [ RunTime:0.0000s ]
SQL: SELECT * FROM `wd_product` WHERE ( pid=10 ) ORDER BY sort asc  [ RunTime:0.0000s ]
SQL: SELECT * FROM `wd_product` WHERE ( pid=24 ) ORDER BY sort asc  [ RunTime:0.0000s ]
SQL: SELECT * FROM `wd_product` WHERE ( pid=25 ) ORDER BY sort asc  [ RunTime:0.0000s ]
SQL: SELECT * FROM `wd_product` WHERE ( pid=23 ) ORDER BY sort asc  [ RunTime:0.0000s ]
SQL: SELECT * FROM `wd_product` WHERE ( pid=27 ) ORDER BY sort asc  [ RunTime:0.0000s ]
SQL: SELECT * FROM `wd_product` WHERE ( pid=11 ) ORDER BY sort asc  [ RunTime:0.0000s ]
SQL: SELECT * FROM `wd_product` WHERE ( pid=28 ) ORDER BY sort asc  [ RunTime:0.0000s ]
NOTIC: [8] Undefined index: issuer E:\wamp\www\yvanfa\Application\Home\Controller\IndexController.class.php 第 18 行.
SQL: SHOW COLUMNS FROM `wd_product_content` [ RunTime:0.0020s ]
SQL: SELECT COUNT(*) AS tp_count FROM `wd_product_content` WHERE ( pid=24 ) LIMIT 1   [ RunTime:0.0000s ]
SQL: SELECT * FROM `wd_product_content` WHERE ( pid=24 ) ORDER BY time desc, id desc LIMIT 0,9   [ RunTime:0.0010s ]
SQL: SHOW COLUMNS FROM `wd_advantage` [ RunTime:0.0020s ]
SQL: SELECT * FROM `wd_advantage` ORDER BY time desc, id desc LIMIT 0,4   [ RunTime:0.0000s ]
SQL: SHOW COLUMNS FROM `wd_advantage_imgs` [ RunTime:0.0030s ]
SQL: SELECT * FROM `wd_advantage_imgs` LIMIT 0,7   [ RunTime:0.0010s ]
SQL: SHOW COLUMNS FROM `wd_cases_content` [ RunTime:0.0030s ]
SQL: SELECT COUNT(*) AS tp_count FROM `wd_cases_content` LIMIT 1   [ RunTime:0.0000s ]
SQL: SELECT * FROM `wd_cases_content` ORDER BY time desc LIMIT 0,6   [ RunTime:0.0000s ]
SQL: SHOW COLUMNS FROM `wd_honor_content` [ RunTime:0.0030s ]
SQL: SELECT COUNT(*) AS tp_count FROM `wd_honor_content` LIMIT 1   [ RunTime:0.0010s ]
SQL: SELECT * FROM `wd_honor_content` ORDER BY time desc LIMIT 0,2   [ RunTime:0.0000s ]
SQL: SHOW COLUMNS FROM `wd_news_content` [ RunTime:0.0030s ]
SQL: SELECT COUNT(*) AS tp_count FROM `wd_news_content` LIMIT 1   [ RunTime:0.0010s ]
SQL: SELECT * FROM `wd_news_content` ORDER BY time desc LIMIT 0,3   [ RunTime:0.0000s ]
INFO: [ view_parse ] --START--
INFO: [ template_filter ] --START--
INFO: Run Behavior\ContentReplaceBehavior [ RunTime:0.000000s ]
INFO: [ template_filter ] --END-- [ RunTime:0.001000s ]
INFO: Run Behavior\ParseTemplateBehavior [ RunTime:0.043000s ]
INFO: [ view_parse ] --END-- [ RunTime:0.043000s ]
INFO: [ view_filter ] --START--
INFO: Run Behavior\WriteHtmlCacheBehavior [ RunTime:0.000000s ]
INFO: [ view_filter ] --END-- [ RunTime:0.000000s ]
INFO: [ app_end ] --START--
INFO: Run Behavior\ShowPageTraceBehavior [ RunTime:0.000000s ]
INFO: [ app_end ] --END-- [ RunTime:0.001000s ]

[ 2017-05-09T09:11:54+08:00 ] ::1 /yvanfa/index.php/Home/index/index.html
INFO: [ app_init ] --START--
INFO: Run Behavior\BuildLiteBehavior [ RunTime:0.000000s ]
INFO: [ app_init ] --END-- [ RunTime:0.001000s ]
INFO: [ app_begin ] --START--
INFO: Run Behavior\ReadHtmlCacheBehavior [ RunTime:0.001000s ]
INFO: [ app_begin ] --END-- [ RunTime:0.001000s ]
SQL: SHOW COLUMNS FROM `wd_cate` [ RunTime:0.0030s ]
SQL: SELECT * FROM `wd_cate` WHERE ( pid=0 ) ORDER BY sort asc  [ RunTime:0.0000s ]
SQL: SELECT * FROM `wd_cate` WHERE ( pid=10 ) ORDER BY sort asc  [ RunTime:0.0010s ]
SQL: SELECT * FROM `wd_cate` WHERE ( pid=11 ) ORDER BY sort asc  [ RunTime:0.0000s ]
SQL: SELECT * FROM `wd_cate` WHERE ( pid=22 ) ORDER BY sort asc  [ RunTime:0.0010s ]
SQL: SELECT * FROM `wd_cate` WHERE ( pid=14 ) ORDER BY sort asc  [ RunTime:0.0000s ]
SQL: SELECT * FROM `wd_cate` WHERE ( pid=15 ) ORDER BY sort asc  [ RunTime:0.0000s ]
SQL: SELECT * FROM `wd_cate` WHERE ( pid=16 ) ORDER BY sort asc  [ RunTime:0.0000s ]
SQL: SELECT * FROM `wd_cate` WHERE ( pid=18 ) ORDER BY sort asc  [ RunTime:0.0010s ]
SQL: SHOW COLUMNS FROM `wd_contact` [ RunTime:0.0030s ]
SQL: SELECT * FROM `wd_contact` LIMIT 1   [ RunTime:0.0000s ]
SQL: SHOW COLUMNS FROM `wd_web` [ RunTime:0.0030s ]
SQL: SELECT * FROM `wd_web` LIMIT 1   [ RunTime:0.0000s ]
SQL: SHOW COLUMNS FROM `wd_visit_log` [ RunTime:0.0030s ]
SQL: UPDATE `wd_visit_log` SET `shua`=shua+1 WHERE `id` = 99 [ RunTime:0.0030s ]
SQL: SHOW COLUMNS FROM `wd_column` [ RunTime:0.0030s ]
SQL: SELECT * FROM `wd_column`  [ RunTime:0.0000s ]
SQL: SHOW COLUMNS FROM `wd_product` [ RunTime:0.0030s ]
SQL: SELECT * FROM `wd_product` WHERE ( pid=0 ) ORDER BY sort asc  [ RunTime:0.0000s ]
SQL: SELECT * FROM `wd_product` WHERE ( pid=10 ) ORDER BY sort asc  [ RunTime:0.0000s ]
SQL: SELECT * FROM `wd_product` WHERE ( pid=24 ) ORDER BY sort asc  [ RunTime:0.0010s ]
SQL: SELECT * FROM `wd_product` WHERE ( pid=25 ) ORDER BY sort asc  [ RunTime:0.0000s ]
SQL: SELECT * FROM `wd_product` WHERE ( pid=23 ) ORDER BY sort asc  [ RunTime:0.0000s ]
SQL: SELECT * FROM `wd_product` WHERE ( pid=27 ) ORDER BY sort asc  [ RunTime:0.0010s ]
SQL: SELECT * FROM `wd_product` WHERE ( pid=11 ) ORDER BY sort asc  [ RunTime:0.0010s ]
SQL: SELECT * FROM `wd_product` WHERE ( pid=28 ) ORDER BY sort asc  [ RunTime:0.0000s ]
NOTIC: [8] Undefined index: issuer E:\wamp\www\yvanfa\Application\Home\Controller\IndexController.class.php 第 18 行.
SQL: SHOW COLUMNS FROM `wd_product_content` [ RunTime:0.0030s ]
SQL: SELECT COUNT(*) AS tp_count FROM `wd_product_content` WHERE ( pid=24 ) LIMIT 1   [ RunTime:0.0010s ]
SQL: SELECT * FROM `wd_product_content` WHERE ( pid=24 ) ORDER BY time desc, id desc LIMIT 0,9   [ RunTime:0.0010s ]
SQL: SHOW COLUMNS FROM `wd_advantage` [ RunTime:0.0030s ]
SQL: SELECT * FROM `wd_advantage` ORDER BY time desc, id desc LIMIT 0,4   [ RunTime:0.0000s ]
SQL: SHOW COLUMNS FROM `wd_advantage_imgs` [ RunTime:0.0030s ]
SQL: SELECT * FROM `wd_advantage_imgs` LIMIT 0,7   [ RunTime:0.0010s ]
SQL: SHOW COLUMNS FROM `wd_cases_content` [ RunTime:0.0030s ]
SQL: SELECT COUNT(*) AS tp_count FROM `wd_cases_content` LIMIT 1   [ RunTime:0.0000s ]
SQL: SELECT * FROM `wd_cases_content` ORDER BY time desc LIMIT 0,6   [ RunTime:0.0000s ]
SQL: SHOW COLUMNS FROM `wd_honor_content` [ RunTime:0.0030s ]
SQL: SELECT COUNT(*) AS tp_count FROM `wd_honor_content` LIMIT 1   [ RunTime:0.0000s ]
SQL: SELECT * FROM `wd_honor_content` ORDER BY time desc LIMIT 0,2   [ RunTime:0.0000s ]
SQL: SHOW COLUMNS FROM `wd_news_content` [ RunTime:0.0030s ]
SQL: SELECT COUNT(*) AS tp_count FROM `wd_news_content` LIMIT 1   [ RunTime:0.0010s ]
SQL: SELECT * FROM `wd_news_content` ORDER BY time desc LIMIT 0,3   [ RunTime:0.0000s ]
INFO: [ view_parse ] --START--
INFO: [ template_filter ] --START--
INFO: Run Behavior\ContentReplaceBehavior [ RunTime:0.000000s ]
INFO: [ template_filter ] --END-- [ RunTime:0.000000s ]
INFO: Run Behavior\ParseTemplateBehavior [ RunTime:0.043000s ]
INFO: [ view_parse ] --END-- [ RunTime:0.043000s ]
INFO: [ view_filter ] --START--
INFO: Run Behavior\WriteHtmlCacheBehavior [ RunTime:0.001000s ]
INFO: [ view_filter ] --END-- [ RunTime:0.001000s ]
INFO: [ app_end ] --START--
INFO: Run Behavior\ShowPageTraceBehavior [ RunTime:0.001000s ]
INFO: [ app_end ] --END-- [ RunTime:0.001000s ]

