[ 2017-05-09T09:06:21+08:00 ] ::1 /yvanfa/index.php/admin
INFO: [ app_init ] --START--
INFO: Run Behavior\BuildLiteBehavior [ RunTime:0.000000s ]
INFO: [ app_init ] --END-- [ RunTime:0.000000s ]
INFO: [ app_begin ] --START--
INFO: Run Behavior\ReadHtmlCacheBehavior [ RunTime:0.001000s ]
INFO: [ app_begin ] --END-- [ RunTime:0.001000s ]

[ 2017-05-09T09:06:21+08:00 ] ::1 /yvanfa/index.php/Admin/Login/login.html
INFO: [ app_init ] --START--
INFO: Run Behavior\BuildLiteBehavior [ RunTime:0.000000s ]
INFO: [ app_init ] --END-- [ RunTime:0.000000s ]
INFO: [ app_begin ] --START--
INFO: Run Behavior\ReadHtmlCacheBehavior [ RunTime:0.000000s ]
INFO: [ app_begin ] --END-- [ RunTime:0.000000s ]
INFO: [ view_parse ] --START--
INFO: [ template_filter ] --START--
INFO: Run Behavior\ContentReplaceBehavior [ RunTime:0.000000s ]
INFO: [ template_filter ] --END-- [ RunTime:0.000000s ]
INFO: Run Behavior\ParseTemplateBehavior [ RunTime:0.011000s ]
INFO: [ view_parse ] --END-- [ RunTime:0.011000s ]
INFO: [ view_filter ] --START--
INFO: Run Behavior\WriteHtmlCacheBehavior [ RunTime:0.000000s ]
INFO: [ view_filter ] --END-- [ RunTime:0.000000s ]
INFO: [ app_end ] --START--
INFO: Run Behavior\ShowPageTraceBehavior [ RunTime:0.000000s ]
INFO: [ app_end ] --END-- [ RunTime:0.000000s ]

[ 2017-05-09T09:07:10+08:00 ] ::1 /yvanfa/index.php/admin
INFO: [ app_init ] --START--
INFO: Run Behavior\BuildLiteBehavior [ RunTime:0.000000s ]
INFO: [ app_init ] --END-- [ RunTime:0.000000s ]
INFO: [ app_begin ] --START--
INFO: Run Behavior\ReadHtmlCacheBehavior [ RunTime:0.000000s ]
INFO: [ app_begin ] --END-- [ RunTime:0.000000s ]

[ 2017-05-09T09:07:10+08:00 ] ::1 /yvanfa/index.php/Admin/Login/login.html
INFO: [ app_init ] --START--
INFO: Run Behavior\BuildLiteBehavior [ RunTime:0.000000s ]
INFO: [ app_init ] --END-- [ RunTime:0.001000s ]
INFO: [ app_begin ] --START--
INFO: Run Behavior\ReadHtmlCacheBehavior [ RunTime:0.000000s ]
INFO: [ app_begin ] --END-- [ RunTime:0.001000s ]
INFO: [ view_parse ] --START--
INFO: [ template_filter ] --START--
INFO: Run Behavior\ContentReplaceBehavior [ RunTime:0.000000s ]
INFO: [ template_filter ] --END-- [ RunTime:0.001000s ]
INFO: Run Behavior\ParseTemplateBehavior [ RunTime:0.006000s ]
INFO: [ view_parse ] --END-- [ RunTime:0.006000s ]
INFO: [ view_filter ] --START--
INFO: Run Behavior\WriteHtmlCacheBehavior [ RunTime:0.000000s ]
INFO: [ view_filter ] --END-- [ RunTime:0.000000s ]
INFO: [ app_end ] --START--
INFO: Run Behavior\ShowPageTraceBehavior [ RunTime:0.001000s ]
INFO: [ app_end ] --END-- [ RunTime:0.001000s ]

[ 2017-05-09T09:07:20+08:00 ] ::1 /yvanfa/index.php/Admin/login/check
INFO: [ app_init ] --START--
INFO: Run Behavior\BuildLiteBehavior [ RunTime:0.000000s ]
INFO: [ app_init ] --END-- [ RunTime:0.001000s ]
INFO: [ app_begin ] --START--
INFO: Run Behavior\ReadHtmlCacheBehavior [ RunTime:0.001000s ]
INFO: [ app_begin ] --END-- [ RunTime:0.001000s ]
SQL: SHOW COLUMNS FROM `wd_admin` [ RunTime:0.0060s ]
SQL: SELECT * FROM `wd_admin` WHERE `username` = '1' LIMIT 1   [ RunTime:0.0000s ]
SQL: UPDATE `wd_admin` SET `state`='1' WHERE `username` = '1' [ RunTime:0.0040s ]
SQL: SHOW COLUMNS FROM `wd_login_log` [ RunTime:0.0070s ]
SQL: INSERT INTO `wd_login_log` (`username`,`loginip`,`logintime`) VALUES ('1','0.0.0.0','2017-05-09 09:07:20') [ RunTime:0.0030s ]
NOTIC: [8] Undefined index: username E:\wamp\www\yvanfa\Application\Common\Common\function.php 第 35 行.
SQL: SHOW COLUMNS FROM `wd_visit_log` [ RunTime:0.0020s ]
NOTIC: [8] Undefined index: HTTP_X_REAL_IP E:\wamp\www\yvanfa\Application\Common\Common\function.php 第 55 行.
SQL: INSERT INTO `wd_visit_log` (`ip`,`time`,`type`) VALUES ('0.0.0.0','2017-05-09 09:07:20','1') [ RunTime:0.0030s ]

[ 2017-05-09T09:07:22+08:00 ] ::1 /yvanfa/index.php/admin/index/index
INFO: [ app_init ] --START--
INFO: Run Behavior\BuildLiteBehavior [ RunTime:0.000000s ]
INFO: [ app_init ] --END-- [ RunTime:0.001000s ]
INFO: [ app_begin ] --START--
INFO: Run Behavior\ReadHtmlCacheBehavior [ RunTime:0.001000s ]
INFO: [ app_begin ] --END-- [ RunTime:0.001000s ]
SQL: SHOW COLUMNS FROM `wd_admin` [ RunTime:0.0050s ]
SQL: SELECT * FROM `wd_admin` WHERE `username` = '1' LIMIT 1   [ RunTime:0.0000s ]
SQL: SHOW COLUMNS FROM `wd_admin` [ RunTime:0.0040s ]
SQL: SELECT * FROM `wd_admin`  [ RunTime:0.0010s ]
SQL: SHOW COLUMNS FROM `wd_backstage` [ RunTime:0.0080s ]
SQL: SELECT * FROM `wd_backstage` WHERE ( pid=0 ) ORDER BY sort asc  [ RunTime:0.0000s ]
SQL: SELECT * FROM `wd_backstage` WHERE ( pid=20 ) ORDER BY sort asc  [ RunTime:0.0010s ]
SQL: SELECT * FROM `wd_backstage` WHERE ( pid=24 ) ORDER BY sort asc  [ RunTime:0.0010s ]
SQL: SELECT * FROM `wd_backstage` WHERE ( pid=25 ) ORDER BY sort asc  [ RunTime:0.0000s ]
SQL: SELECT * FROM `wd_backstage` WHERE ( pid=26 ) ORDER BY sort asc  [ RunTime:0.0000s ]
SQL: SELECT * FROM `wd_backstage` WHERE ( pid=30 ) ORDER BY sort asc  [ RunTime:0.0000s ]
SQL: SELECT * FROM `wd_backstage` WHERE ( pid=29 ) ORDER BY sort asc  [ RunTime:0.0000s ]
SQL: SELECT * FROM `wd_backstage` WHERE ( pid=27 ) ORDER BY sort asc  [ RunTime:0.0000s ]
SQL: SELECT * FROM `wd_backstage` WHERE ( pid=61 ) ORDER BY sort asc  [ RunTime:0.0010s ]
SQL: SELECT * FROM `wd_backstage` WHERE ( pid=62 ) ORDER BY sort asc  [ RunTime:0.0010s ]
SQL: SELECT * FROM `wd_backstage` WHERE ( pid=63 ) ORDER BY sort asc  [ RunTime:0.0010s ]
SQL: SELECT * FROM `wd_backstage` WHERE ( pid=31 ) ORDER BY sort asc  [ RunTime:0.0000s ]
SQL: SELECT * FROM `wd_backstage` WHERE ( pid=33 ) ORDER BY sort asc  [ RunTime:0.0000s ]
SQL: SELECT * FROM `wd_backstage` WHERE ( pid=53 ) ORDER BY sort asc  [ RunTime:0.0000s ]
SQL: SELECT * FROM `wd_backstage` WHERE ( pid=54 ) ORDER BY sort asc  [ RunTime:0.0010s ]
SQL: SELECT * FROM `wd_backstage` WHERE ( pid=60 ) ORDER BY sort asc  [ RunTime:0.0010s ]
SQL: SELECT * FROM `wd_backstage` WHERE ( pid=52 ) ORDER BY sort asc  [ RunTime:0.0010s ]
SQL: SELECT * FROM `wd_backstage` WHERE ( pid=57 ) ORDER BY sort asc  [ RunTime:0.0000s ]
SQL: SELECT * FROM `wd_backstage` WHERE ( pid=58 ) ORDER BY sort asc  [ RunTime:0.0000s ]
SQL: SELECT * FROM `wd_backstage` WHERE ( pid=37 ) ORDER BY sort asc  [ RunTime:0.0000s ]
SQL: SELECT * FROM `wd_backstage` WHERE ( pid=38 ) ORDER BY sort asc  [ RunTime:0.0010s ]
SQL: SELECT * FROM `wd_backstage` WHERE ( pid=56 ) ORDER BY sort asc  [ RunTime:0.0010s ]
SQL: SELECT * FROM `wd_backstage` WHERE ( pid=40 ) ORDER BY sort asc  [ RunTime:0.0010s ]
SQL: SELECT * FROM `wd_backstage` WHERE ( pid=41 ) ORDER BY sort asc  [ RunTime:0.0010s ]
SQL: SELECT * FROM `wd_backstage` WHERE ( pid=59 ) ORDER BY sort asc  [ RunTime:0.0000s ]
SQL: SELECT * FROM `wd_backstage` WHERE ( pid=50 ) ORDER BY sort asc  [ RunTime:0.0000s ]
SQL: SELECT * FROM `wd_backstage` WHERE ( pid=51 ) ORDER BY sort asc  [ RunTime:0.0000s ]
SQL: SELECT * FROM `wd_backstage` WHERE ( pid=43 ) ORDER BY sort asc  [ RunTime:0.0000s ]
SQL: SELECT * FROM `wd_backstage` WHERE ( pid=44 ) ORDER BY sort asc  [ RunTime:0.0010s ]
SQL: SELECT * FROM `wd_backstage` WHERE ( pid=45 ) ORDER BY sort asc  [ RunTime:0.0010s ]
SQL: SELECT * FROM `wd_backstage` WHERE ( pid=23 ) ORDER BY sort asc  [ RunTime:0.0000s ]
SQL: SELECT * FROM `wd_backstage` WHERE ( pid=47 ) ORDER BY sort asc  [ RunTime:0.0000s ]
INFO: [ view_parse ] --START--
INFO: [ template_filter ] --START--
INFO: Run Behavior\ContentReplaceBehavior [ RunTime:0.000000s ]
INFO: [ template_filter ] --END-- [ RunTime:0.000000s ]
NOTIC: [2] Wrong parameter count for var_dump() E:\wamp\www\yvanfa\Application\Runtime\Cache\Admin\b595b808c2ebeeeb0478ffc30bb4e87a.php 第 47 行.
NOTIC: [2] Wrong parameter count for var_dump() E:\wamp\www\yvanfa\Application\Runtime\Cache\Admin\b595b808c2ebeeeb0478ffc30bb4e87a.php 第 47 行.
NOTIC: [2] Wrong parameter count for var_dump() E:\wamp\www\yvanfa\Application\Runtime\Cache\Admin\b595b808c2ebeeeb0478ffc30bb4e87a.php 第 47 行.
NOTIC: [2] Wrong parameter count for var_dump() E:\wamp\www\yvanfa\Application\Runtime\Cache\Admin\b595b808c2ebeeeb0478ffc30bb4e87a.php 第 47 行.
NOTIC: [2] Wrong parameter count for var_dump() E:\wamp\www\yvanfa\Application\Runtime\Cache\Admin\b595b808c2ebeeeb0478ffc30bb4e87a.php 第 47 行.
NOTIC: [2] Wrong parameter count for var_dump() E:\wamp\www\yvanfa\Application\Runtime\Cache\Admin\b595b808c2ebeeeb0478ffc30bb4e87a.php 第 47 行.
NOTIC: [2] Wrong parameter count for var_dump() E:\wamp\www\yvanfa\Application\Runtime\Cache\Admin\b595b808c2ebeeeb0478ffc30bb4e87a.php 第 47 行.
NOTIC: [2] Wrong parameter count for var_dump() E:\wamp\www\yvanfa\Application\Runtime\Cache\Admin\b595b808c2ebeeeb0478ffc30bb4e87a.php 第 47 行.
NOTIC: [2] Wrong parameter count for var_dump() E:\wamp\www\yvanfa\Application\Runtime\Cache\Admin\b595b808c2ebeeeb0478ffc30bb4e87a.php 第 47 行.
NOTIC: [2] Wrong parameter count for var_dump() E:\wamp\www\yvanfa\Application\Runtime\Cache\Admin\b595b808c2ebeeeb0478ffc30bb4e87a.php 第 47 行.
NOTIC: [2] Wrong parameter count for var_dump() E:\wamp\www\yvanfa\Application\Runtime\Cache\Admin\b595b808c2ebeeeb0478ffc30bb4e87a.php 第 47 行.
NOTIC: [2] Wrong parameter count for var_dump() E:\wamp\www\yvanfa\Application\Runtime\Cache\Admin\b595b808c2ebeeeb0478ffc30bb4e87a.php 第 47 行.
NOTIC: [2] Wrong parameter count for var_dump() E:\wamp\www\yvanfa\Application\Runtime\Cache\Admin\b595b808c2ebeeeb0478ffc30bb4e87a.php 第 47 行.
NOTIC: [2] Wrong parameter count for var_dump() E:\wamp\www\yvanfa\Application\Runtime\Cache\Admin\b595b808c2ebeeeb0478ffc30bb4e87a.php 第 47 行.
NOTIC: [2] Wrong parameter count for var_dump() E:\wamp\www\yvanfa\Application\Runtime\Cache\Admin\b595b808c2ebeeeb0478ffc30bb4e87a.php 第 47 行.
NOTIC: [2] Wrong parameter count for var_dump() E:\wamp\www\yvanfa\Application\Runtime\Cache\Admin\b595b808c2ebeeeb0478ffc30bb4e87a.php 第 47 行.
NOTIC: [2] Wrong parameter count for var_dump() E:\wamp\www\yvanfa\Application\Runtime\Cache\Admin\b595b808c2ebeeeb0478ffc30bb4e87a.php 第 47 行.
NOTIC: [2] Wrong parameter count for var_dump() E:\wamp\www\yvanfa\Application\Runtime\Cache\Admin\b595b808c2ebeeeb0478ffc30bb4e87a.php 第 47 行.
NOTIC: [2] Wrong parameter count for var_dump() E:\wamp\www\yvanfa\Application\Runtime\Cache\Admin\b595b808c2ebeeeb0478ffc30bb4e87a.php 第 47 行.
NOTIC: [2] Wrong parameter count for var_dump() E:\wamp\www\yvanfa\Application\Runtime\Cache\Admin\b595b808c2ebeeeb0478ffc30bb4e87a.php 第 47 行.
NOTIC: [2] Wrong parameter count for var_dump() E:\wamp\www\yvanfa\Application\Runtime\Cache\Admin\b595b808c2ebeeeb0478ffc30bb4e87a.php 第 47 行.
NOTIC: [2] Wrong parameter count for var_dump() E:\wamp\www\yvanfa\Application\Runtime\Cache\Admin\b595b808c2ebeeeb0478ffc30bb4e87a.php 第 47 行.
NOTIC: [2] Wrong parameter count for var_dump() E:\wamp\www\yvanfa\Application\Runtime\Cache\Admin\b595b808c2ebeeeb0478ffc30bb4e87a.php 第 47 行.
NOTIC: [2] Wrong parameter count for var_dump() E:\wamp\www\yvanfa\Application\Runtime\Cache\Admin\b595b808c2ebeeeb0478ffc30bb4e87a.php 第 47 行.
NOTIC: [2] Wrong parameter count for var_dump() E:\wamp\www\yvanfa\Application\Runtime\Cache\Admin\b595b808c2ebeeeb0478ffc30bb4e87a.php 第 47 行.
NOTIC: [2] Wrong parameter count for var_dump() E:\wamp\www\yvanfa\Application\Runtime\Cache\Admin\b595b808c2ebeeeb0478ffc30bb4e87a.php 第 47 行.
NOTIC: [2] Wrong parameter count for var_dump() E:\wamp\www\yvanfa\Application\Runtime\Cache\Admin\b595b808c2ebeeeb0478ffc30bb4e87a.php 第 47 行.
NOTIC: [2] Wrong parameter count for var_dump() E:\wamp\www\yvanfa\Application\Runtime\Cache\Admin\b595b808c2ebeeeb0478ffc30bb4e87a.php 第 47 行.
NOTIC: [2] Wrong parameter count for var_dump() E:\wamp\www\yvanfa\Application\Runtime\Cache\Admin\b595b808c2ebeeeb0478ffc30bb4e87a.php 第 47 行.
NOTIC: [2] Wrong parameter count for var_dump() E:\wamp\www\yvanfa\Application\Runtime\Cache\Admin\b595b808c2ebeeeb0478ffc30bb4e87a.php 第 47 行.
NOTIC: [2] Wrong parameter count for var_dump() E:\wamp\www\yvanfa\Application\Runtime\Cache\Admin\b595b808c2ebeeeb0478ffc30bb4e87a.php 第 47 行.
INFO: Run Behavior\ParseTemplateBehavior [ RunTime:0.032000s ]
INFO: [ view_parse ] --END-- [ RunTime:0.032000s ]
INFO: [ view_filter ] --START--
INFO: Run Behavior\WriteHtmlCacheBehavior [ RunTime:0.000000s ]
INFO: [ view_filter ] --END-- [ RunTime:0.000000s ]
INFO: [ app_end ] --START--
INFO: Run Behavior\ShowPageTraceBehavior [ RunTime:0.000000s ]
INFO: [ app_end ] --END-- [ RunTime:0.000000s ]

[ 2017-05-09T09:07:22+08:00 ] ::1 /yvanfa/index.php/Admin/index/info.html
INFO: [ app_init ] --START--
INFO: Run Behavior\BuildLiteBehavior [ RunTime:0.000000s ]
INFO: [ app_init ] --END-- [ RunTime:0.001000s ]
INFO: [ app_begin ] --START--
INFO: Run Behavior\ReadHtmlCacheBehavior [ RunTime:0.000000s ]
INFO: [ app_begin ] --END-- [ RunTime:0.000000s ]
SQL: SHOW COLUMNS FROM `wd_admin` [ RunTime:0.0020s ]
SQL: SELECT * FROM `wd_admin` WHERE `username` = '1' LIMIT 1   [ RunTime:0.0010s ]
SQL: SHOW COLUMNS FROM `wd_admin` [ RunTime:0.0020s ]
SQL: SELECT * FROM `wd_admin`  [ RunTime:0.0000s ]
SQL: SHOW COLUMNS FROM `wd_backstage` [ RunTime:0.0030s ]
SQL: SELECT * FROM `wd_backstage` WHERE ( pid=0 ) ORDER BY sort asc  [ RunTime:0.0010s ]
SQL: SELECT * FROM `wd_backstage` WHERE ( pid=20 ) ORDER BY sort asc  [ RunTime:0.0010s ]
SQL: SELECT * FROM `wd_backstage` WHERE ( pid=24 ) ORDER BY sort asc  [ RunTime:0.0000s ]
SQL: SELECT * FROM `wd_backstage` WHERE ( pid=25 ) ORDER BY sort asc  [ RunTime:0.0000s ]
SQL: SELECT * FROM `wd_backstage` WHERE ( pid=26 ) ORDER BY sort asc  [ RunTime:0.0000s ]
SQL: SELECT * FROM `wd_backstage` WHERE ( pid=30 ) ORDER BY sort asc  [ RunTime:0.0000s ]
SQL: SELECT * FROM `wd_backstage` WHERE ( pid=29 ) ORDER BY sort asc  [ RunTime:0.0010s ]
SQL: SELECT * FROM `wd_backstage` WHERE ( pid=27 ) ORDER BY sort asc  [ RunTime:0.0000s ]
SQL: SELECT * FROM `wd_backstage` WHERE ( pid=61 ) ORDER BY sort asc  [ RunTime:0.0000s ]
SQL: SELECT * FROM `wd_backstage` WHERE ( pid=62 ) ORDER BY sort asc  [ RunTime:0.0000s ]
SQL: SELECT * FROM `wd_backstage` WHERE ( pid=63 ) ORDER BY sort asc  [ RunTime:0.0000s ]
SQL: SELECT * FROM `wd_backstage` WHERE ( pid=31 ) ORDER BY sort asc  [ RunTime:0.0000s ]
SQL: SELECT * FROM `wd_backstage` WHERE ( pid=33 ) ORDER BY sort asc  [ RunTime:0.0000s ]
SQL: SELECT * FROM `wd_backstage` WHERE ( pid=53 ) ORDER BY sort asc  [ RunTime:0.0000s ]
SQL: SELECT * FROM `wd_backstage` WHERE ( pid=54 ) ORDER BY sort asc  [ RunTime:0.0000s ]
SQL: SELECT * FROM `wd_backstage` WHERE ( pid=60 ) ORDER BY sort asc  [ RunTime:0.0000s ]
SQL: SELECT * FROM `wd_backstage` WHERE ( pid=52 ) ORDER BY sort asc  [ RunTime:0.0000s ]
SQL: SELECT * FROM `wd_backstage` WHERE ( pid=57 ) ORDER BY sort asc  [ RunTime:0.0010s ]
SQL: SELECT * FROM `wd_backstage` WHERE ( pid=58 ) ORDER BY sort asc  [ RunTime:0.0000s ]
SQL: SELECT * FROM `wd_backstage` WHERE ( pid=37 ) ORDER BY sort asc  [ RunTime:0.0010s ]
SQL: SELECT * FROM `wd_backstage` WHERE ( pid=38 ) ORDER BY sort asc  [ RunTime:0.0000s ]
SQL: SELECT * FROM `wd_backstage` WHERE ( pid=56 ) ORDER BY sort asc  [ RunTime:0.0000s ]
SQL: SELECT * FROM `wd_backstage` WHERE ( pid=40 ) ORDER BY sort asc  [ RunTime:0.0000s ]
SQL: SELECT * FROM `wd_backstage` WHERE ( pid=41 ) ORDER BY sort asc  [ RunTime:0.0000s ]
SQL: SELECT * FROM `wd_backstage` WHERE ( pid=59 ) ORDER BY sort asc  [ RunTime:0.0000s ]
SQL: SELECT * FROM `wd_backstage` WHERE ( pid=50 ) ORDER BY sort asc  [ RunTime:0.0010s ]
SQL: SELECT * FROM `wd_backstage` WHERE ( pid=51 ) ORDER BY sort asc  [ RunTime:0.0000s ]
SQL: SELECT * FROM `wd_backstage` WHERE ( pid=43 ) ORDER BY sort asc  [ RunTime:0.0000s ]
SQL: SELECT * FROM `wd_backstage` WHERE ( pid=44 ) ORDER BY sort asc  [ RunTime:0.0000s ]
SQL: SELECT * FROM `wd_backstage` WHERE ( pid=45 ) ORDER BY sort asc  [ RunTime:0.0000s ]
SQL: SELECT * FROM `wd_backstage` WHERE ( pid=23 ) ORDER BY sort asc  [ RunTime:0.0000s ]
SQL: SELECT * FROM `wd_backstage` WHERE ( pid=47 ) ORDER BY sort asc  [ RunTime:0.0000s ]
SQL: SHOW COLUMNS FROM `wd_message` [ RunTime:0.0050s ]
SQL: SHOW COLUMNS FROM `wd_log` [ RunTime:0.0040s ]
SQL: SHOW COLUMNS FROM `wd_visit_log` [ RunTime:0.0030s ]
SQL: SELECT COUNT(*) AS tp_count FROM `wd_admin` LIMIT 1   [ RunTime:0.0010s ]
SQL: SELECT COUNT(*) AS tp_count FROM `wd_message` LIMIT 1   [ RunTime:0.0010s ]
SQL: SELECT COUNT(*) AS tp_count FROM `wd_log` WHERE `type` = 1 LIMIT 1   [ RunTime:0.0000s ]
SQL: SELECT COUNT(*) AS tp_count FROM `wd_visit_log` WHERE `type` = 0 AND `time` LIKE '2017-05-09 %' LIMIT 1   [ RunTime:0.0000s ]
SQL: SELECT COUNT(*) AS tp_count FROM `wd_visit_log` WHERE `type` = 0 AND `time` LIKE '2017-05-01 %' LIMIT 1   [ RunTime:0.0000s ]
SQL: SELECT COUNT(*) AS tp_count FROM `wd_visit_log` WHERE `type` = 1 AND `time` LIKE '2017-05-01 %' LIMIT 1   [ RunTime:0.0000s ]
SQL: SELECT COUNT(*) AS tp_count FROM `wd_visit_log` WHERE `type` = 0 AND `time` LIKE '2017-05-02 %' LIMIT 1   [ RunTime:0.0000s ]
SQL: SELECT COUNT(*) AS tp_count FROM `wd_visit_log` WHERE `type` = 1 AND `time` LIKE '2017-05-02 %' LIMIT 1   [ RunTime:0.0000s ]
SQL: SELECT COUNT(*) AS tp_count FROM `wd_visit_log` WHERE `type` = 0 AND `time` LIKE '2017-05-03 %' LIMIT 1   [ RunTime:0.0000s ]
SQL: SELECT COUNT(*) AS tp_count FROM `wd_visit_log` WHERE `type` = 1 AND `time` LIKE '2017-05-03 %' LIMIT 1   [ RunTime:0.0010s ]
SQL: SELECT COUNT(*) AS tp_count FROM `wd_visit_log` WHERE `type` = 0 AND `time` LIKE '2017-05-04 %' LIMIT 1   [ RunTime:0.0000s ]
SQL: SELECT COUNT(*) AS tp_count FROM `wd_visit_log` WHERE `type` = 1 AND `time` LIKE '2017-05-04 %' LIMIT 1   [ RunTime:0.0010s ]
SQL: SELECT COUNT(*) AS tp_count FROM `wd_visit_log` WHERE `type` = 0 AND `time` LIKE '2017-05-05 %' LIMIT 1   [ RunTime:0.0000s ]
SQL: SELECT COUNT(*) AS tp_count FROM `wd_visit_log` WHERE `type` = 1 AND `time` LIKE '2017-05-05 %' LIMIT 1   [ RunTime:0.0000s ]
SQL: SELECT COUNT(*) AS tp_count FROM `wd_visit_log` WHERE `type` = 0 AND `time` LIKE '2017-05-06 %' LIMIT 1   [ RunTime:0.0000s ]
SQL: SELECT COUNT(*) AS tp_count FROM `wd_visit_log` WHERE `type` = 1 AND `time` LIKE '2017-05-06 %' LIMIT 1   [ RunTime:0.0000s ]
SQL: SELECT COUNT(*) AS tp_count FROM `wd_visit_log` WHERE `type` = 0 AND `time` LIKE '2017-05-07 %' LIMIT 1   [ RunTime:0.0000s ]
SQL: SELECT COUNT(*) AS tp_count FROM `wd_visit_log` WHERE `type` = 1 AND `time` LIKE '2017-05-07 %' LIMIT 1   [ RunTime:0.0000s ]
SQL: SELECT COUNT(*) AS tp_count FROM `wd_visit_log` WHERE `type` = 0 AND `time` LIKE '2017-05-08 %' LIMIT 1   [ RunTime:0.0000s ]
SQL: SELECT COUNT(*) AS tp_count FROM `wd_visit_log` WHERE `type` = 1 AND `time` LIKE '2017-05-08 %' LIMIT 1   [ RunTime:0.0000s ]
SQL: SELECT COUNT(*) AS tp_count FROM `wd_visit_log` WHERE `type` = 0 AND `time` LIKE '2017-05-09 %' LIMIT 1   [ RunTime:0.0010s ]
SQL: SELECT COUNT(*) AS tp_count FROM `wd_visit_log` WHERE `type` = 1 AND `time` LIKE '2017-05-09 %' LIMIT 1   [ RunTime:0.0000s ]
SQL: SELECT COUNT(*) AS tp_count FROM `wd_visit_log` WHERE `type` = 0 AND `time` LIKE '2017-05-10 %' LIMIT 1   [ RunTime:0.0010s ]
SQL: SELECT COUNT(*) AS tp_count FROM `wd_visit_log` WHERE `type` = 1 AND `time` LIKE '2017-05-10 %' LIMIT 1   [ RunTime:0.0000s ]
SQL: SELECT COUNT(*) AS tp_count FROM `wd_visit_log` WHERE `type` = 0 AND `time` LIKE '2017-05-11 %' LIMIT 1   [ RunTime:0.0000s ]
SQL: SELECT COUNT(*) AS tp_count FROM `wd_visit_log` WHERE `type` = 1 AND `time` LIKE '2017-05-11 %' LIMIT 1   [ RunTime:0.0000s ]
SQL: SELECT COUNT(*) AS tp_count FROM `wd_visit_log` WHERE `type` = 0 AND `time` LIKE '2017-05-12 %' LIMIT 1   [ RunTime:0.0010s ]
SQL: SELECT COUNT(*) AS tp_count FROM `wd_visit_log` WHERE `type` = 1 AND `time` LIKE '2017-05-12 %' LIMIT 1   [ RunTime:0.0000s ]
SQL: SELECT COUNT(*) AS tp_count FROM `wd_visit_log` WHERE `type` = 0 AND `time` LIKE '2017-05-13 %' LIMIT 1   [ RunTime:0.0000s ]
SQL: SELECT COUNT(*) AS tp_count FROM `wd_visit_log` WHERE `type` = 1 AND `time` LIKE '2017-05-13 %' LIMIT 1   [ RunTime:0.0000s ]
SQL: SELECT COUNT(*) AS tp_count FROM `wd_visit_log` WHERE `type` = 0 AND `time` LIKE '2017-05-14 %' LIMIT 1   [ RunTime:0.0000s ]
SQL: SELECT COUNT(*) AS tp_count FROM `wd_visit_log` WHERE `type` = 1 AND `time` LIKE '2017-05-14 %' LIMIT 1   [ RunTime:0.0000s ]
SQL: SELECT COUNT(*) AS tp_count FROM `wd_visit_log` WHERE `type` = 0 AND `time` LIKE '2017-05-15 %' LIMIT 1   [ RunTime:0.0000s ]
SQL: SELECT COUNT(*) AS tp_count FROM `wd_visit_log` WHERE `type` = 1 AND `time` LIKE '2017-05-15 %' LIMIT 1   [ RunTime:0.0010s ]
SQL: SELECT COUNT(*) AS tp_count FROM `wd_visit_log` WHERE `type` = 0 AND `time` LIKE '2017-05-16 %' LIMIT 1   [ RunTime:0.0000s ]
SQL: SELECT COUNT(*) AS tp_count FROM `wd_visit_log` WHERE `type` = 1 AND `time` LIKE '2017-05-16 %' LIMIT 1   [ RunTime:0.0000s ]
SQL: SELECT COUNT(*) AS tp_count FROM `wd_visit_log` WHERE `type` = 0 AND `time` LIKE '2017-05-17 %' LIMIT 1   [ RunTime:0.0000s ]
SQL: SELECT COUNT(*) AS tp_count FROM `wd_visit_log` WHERE `type` = 1 AND `time` LIKE '2017-05-17 %' LIMIT 1   [ RunTime:0.0000s ]
SQL: SELECT COUNT(*) AS tp_count FROM `wd_visit_log` WHERE `type` = 0 AND `time` LIKE '2017-05-18 %' LIMIT 1   [ RunTime:0.0000s ]
SQL: SELECT COUNT(*) AS tp_count FROM `wd_visit_log` WHERE `type` = 1 AND `time` LIKE '2017-05-18 %' LIMIT 1   [ RunTime:0.0000s ]
SQL: SELECT COUNT(*) AS tp_count FROM `wd_visit_log` WHERE `type` = 0 AND `time` LIKE '2017-05-19 %' LIMIT 1   [ RunTime:0.0000s ]
SQL: SELECT COUNT(*) AS tp_count FROM `wd_visit_log` WHERE `type` = 1 AND `time` LIKE '2017-05-19 %' LIMIT 1   [ RunTime:0.0000s ]
SQL: SELECT COUNT(*) AS tp_count FROM `wd_visit_log` WHERE `type` = 0 AND `time` LIKE '2017-05-20 %' LIMIT 1   [ RunTime:0.0000s ]
SQL: SELECT COUNT(*) AS tp_count FROM `wd_visit_log` WHERE `type` = 1 AND `time` LIKE '2017-05-20 %' LIMIT 1   [ RunTime:0.0000s ]
SQL: SELECT COUNT(*) AS tp_count FROM `wd_visit_log` WHERE `type` = 0 AND `time` LIKE '2017-05-21 %' LIMIT 1   [ RunTime:0.0010s ]
SQL: SELECT COUNT(*) AS tp_count FROM `wd_visit_log` WHERE `type` = 1 AND `time` LIKE '2017-05-21 %' LIMIT 1   [ RunTime:0.0000s ]
SQL: SELECT COUNT(*) AS tp_count FROM `wd_visit_log` WHERE `type` = 0 AND `time` LIKE '2017-05-22 %' LIMIT 1   [ RunTime:0.0000s ]
SQL: SELECT COUNT(*) AS tp_count FROM `wd_visit_log` WHERE `type` = 1 AND `time` LIKE '2017-05-22 %' LIMIT 1   [ RunTime:0.0000s ]
SQL: SELECT COUNT(*) AS tp_count FROM `wd_visit_log` WHERE `type` = 0 AND `time` LIKE '2017-05-23 %' LIMIT 1   [ RunTime:0.0000s ]
SQL: SELECT COUNT(*) AS tp_count FROM `wd_visit_log` WHERE `type` = 1 AND `time` LIKE '2017-05-23 %' LIMIT 1   [ RunTime:0.0000s ]
SQL: SELECT COUNT(*) AS tp_count FROM `wd_visit_log` WHERE `type` = 0 AND `time` LIKE '2017-05-24 %' LIMIT 1   [ RunTime:0.0000s ]
SQL: SELECT COUNT(*) AS tp_count FROM `wd_visit_log` WHERE `type` = 1 AND `time` LIKE '2017-05-24 %' LIMIT 1   [ RunTime:0.0000s ]
SQL: SELECT COUNT(*) AS tp_count FROM `wd_visit_log` WHERE `type` = 0 AND `time` LIKE '2017-05-25 %' LIMIT 1   [ RunTime:0.0010s ]
SQL: SELECT COUNT(*) AS tp_count FROM `wd_visit_log` WHERE `type` = 1 AND `time` LIKE '2017-05-25 %' LIMIT 1   [ RunTime:0.0000s ]
SQL: SELECT COUNT(*) AS tp_count FROM `wd_visit_log` WHERE `type` = 0 AND `time` LIKE '2017-05-26 %' LIMIT 1   [ RunTime:0.0010s ]
SQL: SELECT COUNT(*) AS tp_count FROM `wd_visit_log` WHERE `type` = 1 AND `time` LIKE '2017-05-26 %' LIMIT 1   [ RunTime:0.0000s ]
SQL: SELECT COUNT(*) AS tp_count FROM `wd_visit_log` WHERE `type` = 0 AND `time` LIKE '2017-05-27 %' LIMIT 1   [ RunTime:0.0000s ]
SQL: SELECT COUNT(*) AS tp_count FROM `wd_visit_log` WHERE `type` = 1 AND `time` LIKE '2017-05-27 %' LIMIT 1   [ RunTime:0.0000s ]
SQL: SELECT COUNT(*) AS tp_count FROM `wd_visit_log` WHERE `type` = 0 AND `time` LIKE '2017-05-28 %' LIMIT 1   [ RunTime:0.0000s ]
SQL: SELECT COUNT(*) AS tp_count FROM `wd_visit_log` WHERE `type` = 1 AND `time` LIKE '2017-05-28 %' LIMIT 1   [ RunTime:0.0000s ]
SQL: SELECT COUNT(*) AS tp_count FROM `wd_visit_log` WHERE `type` = 0 AND `time` LIKE '2017-05-29 %' LIMIT 1   [ RunTime:0.0000s ]
SQL: SELECT COUNT(*) AS tp_count FROM `wd_visit_log` WHERE `type` = 1 AND `time` LIKE '2017-05-29 %' LIMIT 1   [ RunTime:0.0000s ]
SQL: SELECT COUNT(*) AS tp_count FROM `wd_visit_log` WHERE `type` = 0 AND `time` LIKE '2017-05-30 %' LIMIT 1   [ RunTime:0.0000s ]
SQL: SELECT COUNT(*) AS tp_count FROM `wd_visit_log` WHERE `type` = 1 AND `time` LIKE '2017-05-30 %' LIMIT 1   [ RunTime:0.0010s ]
SQL: SELECT COUNT(*) AS tp_count FROM `wd_visit_log` WHERE `type` = 0 AND `time` LIKE '2017-05-31 %' LIMIT 1   [ RunTime:0.0000s ]
SQL: SELECT COUNT(*) AS tp_count FROM `wd_visit_log` WHERE `type` = 1 AND `time` LIKE '2017-05-31 %' LIMIT 1   [ RunTime:0.0010s ]
SQL: SELECT * FROM `wd_log` ORDER BY time DESC LIMIT 5   [ RunTime:0.0000s ]
SQL: SELECT * FROM `wd_message` ORDER BY time DESC LIMIT 5   [ RunTime:0.0000s ]
SQL: SELECT COUNT(*) AS tp_count FROM `wd_visit_log` WHERE `type` = 0 LIMIT 1   [ RunTime:0.0000s ]
INFO: [ view_parse ] --START--
INFO: [ template_filter ] --START--
INFO: Run Behavior\ContentReplaceBehavior [ RunTime:0.000000s ]
INFO: [ template_filter ] --END-- [ RunTime:0.000000s ]
INFO: Run Behavior\ParseTemplateBehavior [ RunTime:0.011000s ]
INFO: [ view_parse ] --END-- [ RunTime:0.011000s ]
INFO: [ view_filter ] --START--
INFO: Run Behavior\WriteHtmlCacheBehavior [ RunTime:0.000000s ]
INFO: [ view_filter ] --END-- [ RunTime:0.000000s ]
INFO: [ app_end ] --START--
INFO: Run Behavior\ShowPageTraceBehavior [ RunTime:0.000000s ]
INFO: [ app_end ] --END-- [ RunTime:0.000000s ]

[ 2017-05-09T09:07:59+08:00 ] ::1 /yvanfa/index.php/Admin/Backstage/backstage.html
INFO: [ app_init ] --START--
INFO: Run Behavior\BuildLiteBehavior [ RunTime:0.000000s ]
INFO: [ app_init ] --END-- [ RunTime:0.001000s ]
INFO: [ app_begin ] --START--
INFO: Run Behavior\ReadHtmlCacheBehavior [ RunTime:0.001000s ]
INFO: [ app_begin ] --END-- [ RunTime:0.001000s ]
SQL: SHOW COLUMNS FROM `wd_admin` [ RunTime:0.0040s ]
SQL: SELECT * FROM `wd_admin` WHERE `username` = '1' LIMIT 1   [ RunTime:0.0010s ]
SQL: SHOW COLUMNS FROM `wd_admin` [ RunTime:0.0030s ]
SQL: SELECT * FROM `wd_admin`  [ RunTime:0.0000s ]
SQL: SHOW COLUMNS FROM `wd_backstage` [ RunTime:0.0020s ]
SQL: SELECT * FROM `wd_backstage` WHERE ( pid=0 ) ORDER BY sort asc  [ RunTime:0.0000s ]
SQL: SELECT * FROM `wd_backstage` WHERE ( pid=20 ) ORDER BY sort asc  [ RunTime:0.0000s ]
SQL: SELECT * FROM `wd_backstage` WHERE ( pid=24 ) ORDER BY sort asc  [ RunTime:0.0000s ]
SQL: SELECT * FROM `wd_backstage` WHERE ( pid=25 ) ORDER BY sort asc  [ RunTime:0.0010s ]
SQL: SELECT * FROM `wd_backstage` WHERE ( pid=26 ) ORDER BY sort asc  [ RunTime:0.0010s ]
SQL: SELECT * FROM `wd_backstage` WHERE ( pid=30 ) ORDER BY sort asc  [ RunTime:0.0000s ]
SQL: SELECT * FROM `wd_backstage` WHERE ( pid=29 ) ORDER BY sort asc  [ RunTime:0.0000s ]
SQL: SELECT * FROM `wd_backstage` WHERE ( pid=27 ) ORDER BY sort asc  [ RunTime:0.0000s ]
SQL: SELECT * FROM `wd_backstage` WHERE ( pid=61 ) ORDER BY sort asc  [ RunTime:0.0010s ]
SQL: SELECT * FROM `wd_backstage` WHERE ( pid=62 ) ORDER BY sort asc  [ RunTime:0.0000s ]
SQL: SELECT * FROM `wd_backstage` WHERE ( pid=63 ) ORDER BY sort asc  [ RunTime:0.0000s ]
SQL: SELECT * FROM `wd_backstage` WHERE ( pid=31 ) ORDER BY sort asc  [ RunTime:0.0000s ]
SQL: SELECT * FROM `wd_backstage` WHERE ( pid=33 ) ORDER BY sort asc  [ RunTime:0.0010s ]
SQL: SELECT * FROM `wd_backstage` WHERE ( pid=53 ) ORDER BY sort asc  [ RunTime:0.0000s ]
SQL: SELECT * FROM `wd_backstage` WHERE ( pid=54 ) ORDER BY sort asc  [ RunTime:0.0000s ]
SQL: SELECT * FROM `wd_backstage` WHERE ( pid=60 ) ORDER BY sort asc  [ RunTime:0.0000s ]
SQL: SELECT * FROM `wd_backstage` WHERE ( pid=52 ) ORDER BY sort asc  [ RunTime:0.0010s ]
SQL: SELECT * FROM `wd_backstage` WHERE ( pid=57 ) ORDER BY sort asc  [ RunTime:0.0000s ]
SQL: SELECT * FROM `wd_backstage` WHERE ( pid=58 ) ORDER BY sort asc  [ RunTime:0.0000s ]
SQL: SELECT * FROM `wd_backstage` WHERE ( pid=37 ) ORDER BY sort asc  [ RunTime:0.0000s ]
SQL: SELECT * FROM `wd_backstage` WHERE ( pid=38 ) ORDER BY sort asc  [ RunTime:0.0010s ]
SQL: SELECT * FROM `wd_backstage` WHERE ( pid=56 ) ORDER BY sort asc  [ RunTime:0.0000s ]
SQL: SELECT * FROM `wd_backstage` WHERE ( pid=40 ) ORDER BY sort asc  [ RunTime:0.0000s ]
SQL: SELECT * FROM `wd_backstage` WHERE ( pid=41 ) ORDER BY sort asc  [ RunTime:0.0000s ]
SQL: SELECT * FROM `wd_backstage` WHERE ( pid=59 ) ORDER BY sort asc  [ RunTime:0.0010s ]
SQL: SELECT * FROM `wd_backstage` WHERE ( pid=50 ) ORDER BY sort asc  [ RunTime:0.0000s ]
SQL: SELECT * FROM `wd_backstage` WHERE ( pid=51 ) ORDER BY sort asc  [ RunTime:0.0000s ]
SQL: SELECT * FROM `wd_backstage` WHERE ( pid=43 ) ORDER BY sort asc  [ RunTime:0.0000s ]
SQL: SELECT * FROM `wd_backstage` WHERE ( pid=44 ) ORDER BY sort asc  [ RunTime:0.0010s ]
SQL: SELECT * FROM `wd_backstage` WHERE ( pid=45 ) ORDER BY sort asc  [ RunTime:0.0000s ]
SQL: SELECT * FROM `wd_backstage` WHERE ( pid=23 ) ORDER BY sort asc  [ RunTime:0.0000s ]
SQL: SELECT * FROM `wd_backstage` WHERE ( pid=47 ) ORDER BY sort asc  [ RunTime:0.0010s ]
SQL: SELECT * FROM `wd_backstage` WHERE ( pid=0 ) ORDER BY sort asc  [ RunTime:0.0010s ]
SQL: SELECT * FROM `wd_backstage` WHERE ( pid=20 ) ORDER BY sort asc  [ RunTime:0.0000s ]
SQL: SELECT * FROM `wd_backstage` WHERE ( pid=24 ) ORDER BY sort asc  [ RunTime:0.0000s ]
SQL: SELECT * FROM `wd_backstage` WHERE ( pid=25 ) ORDER BY sort asc  [ RunTime:0.0000s ]
SQL: SELECT * FROM `wd_backstage` WHERE ( pid=26 ) ORDER BY sort asc  [ RunTime:0.0010s ]
SQL: SELECT * FROM `wd_backstage` WHERE ( pid=30 ) ORDER BY sort asc  [ RunTime:0.0000s ]
SQL: SELECT * FROM `wd_backstage` WHERE ( pid=29 ) ORDER BY sort asc  [ RunTime:0.0000s ]
SQL: SELECT * FROM `wd_backstage` WHERE ( pid=27 ) ORDER BY sort asc  [ RunTime:0.0010s ]
SQL: SELECT * FROM `wd_backstage` WHERE ( pid=61 ) ORDER BY sort asc  [ RunTime:0.0000s ]
SQL: SELECT * FROM `wd_backstage` WHERE ( pid=62 ) ORDER BY sort asc  [ RunTime:0.0010s ]
SQL: SELECT * FROM `wd_backstage` WHERE ( pid=63 ) ORDER BY sort asc  [ RunTime:0.0000s ]
SQL: SELECT * FROM `wd_backstage` WHERE ( pid=31 ) ORDER BY sort asc  [ RunTime:0.0000s ]
SQL: SELECT * FROM `wd_backstage` WHERE ( pid=33 ) ORDER BY sort asc  [ RunTime:0.0010s ]
SQL: SELECT * FROM `wd_backstage` WHERE ( pid=53 ) ORDER BY sort asc  [ RunTime:0.0000s ]
SQL: SELECT * FROM `wd_backstage` WHERE ( pid=54 ) ORDER BY sort asc  [ RunTime:0.0010s ]
SQL: SELECT * FROM `wd_backstage` WHERE ( pid=60 ) ORDER BY sort asc  [ RunTime:0.0000s ]
SQL: SELECT * FROM `wd_backstage` WHERE ( pid=52 ) ORDER BY sort asc  [ RunTime:0.0000s ]
SQL: SELECT * FROM `wd_backstage` WHERE ( pid=57 ) ORDER BY sort asc  [ RunTime:0.0010s ]
SQL: SELECT * FROM `wd_backstage` WHERE ( pid=58 ) ORDER BY sort asc  [ RunTime:0.0000s ]
SQL: SELECT * FROM `wd_backstage` WHERE ( pid=37 ) ORDER BY sort asc  [ RunTime:0.0010s ]
SQL: SELECT * FROM `wd_backstage` WHERE ( pid=38 ) ORDER BY sort asc  [ RunTime:0.0000s ]
SQL: SELECT * FROM `wd_backstage` WHERE ( pid=56 ) ORDER BY sort asc  [ RunTime:0.0000s ]
SQL: SELECT * FROM `wd_backstage` WHERE ( pid=40 ) ORDER BY sort asc  [ RunTime:0.0000s ]
SQL: SELECT * FROM `wd_backstage` WHERE ( pid=41 ) ORDER BY sort asc  [ RunTime:0.0000s ]
SQL: SELECT * FROM `wd_backstage` WHERE ( pid=59 ) ORDER BY sort asc  [ RunTime:0.0010s ]
SQL: SELECT * FROM `wd_backstage` WHERE ( pid=50 ) ORDER BY sort asc  [ RunTime:0.0000s ]
SQL: SELECT * FROM `wd_backstage` WHERE ( pid=51 ) ORDER BY sort asc  [ RunTime:0.0000s ]
SQL: SELECT * FROM `wd_backstage` WHERE ( pid=43 ) ORDER BY sort asc  [ RunTime:0.0010s ]
SQL: SELECT * FROM `wd_backstage` WHERE ( pid=44 ) ORDER BY sort asc  [ RunTime:0.0000s ]
SQL: SELECT * FROM `wd_backstage` WHERE ( pid=45 ) ORDER BY sort asc  [ RunTime:0.0000s ]
SQL: SELECT * FROM `wd_backstage` WHERE ( pid=23 ) ORDER BY sort asc  [ RunTime:0.0000s ]
SQL: SELECT * FROM `wd_backstage` WHERE ( pid=47 ) ORDER BY sort asc  [ RunTime:0.0000s ]
INFO: [ view_parse ] --START--
INFO: [ template_filter ] --START--
INFO: Run Behavior\ContentReplaceBehavior [ RunTime:0.000000s ]
INFO: [ template_filter ] --END-- [ RunTime:0.000000s ]
INFO: Run Behavior\ParseTemplateBehavior [ RunTime:0.030000s ]
INFO: [ view_parse ] --END-- [ RunTime:0.030000s ]
INFO: [ view_filter ] --START--
INFO: Run Behavior\WriteHtmlCacheBehavior [ RunTime:0.000000s ]
INFO: [ view_filter ] --END-- [ RunTime:0.000000s ]
INFO: [ app_end ] --START--
INFO: Run Behavior\ShowPageTraceBehavior [ RunTime:0.001000s ]
INFO: [ app_end ] --END-- [ RunTime:0.001000s ]

[ 2017-05-09T09:08:00+08:00 ] ::1 /yvanfa/index.php/Admin/Backstage/backstage_add.html
INFO: [ app_init ] --START--
INFO: Run Behavior\BuildLiteBehavior [ RunTime:0.000000s ]
INFO: [ app_init ] --END-- [ RunTime:0.000000s ]
INFO: [ app_begin ] --START--
INFO: Run Behavior\ReadHtmlCacheBehavior [ RunTime:0.001000s ]
INFO: [ app_begin ] --END-- [ RunTime:0.001000s ]
SQL: SHOW COLUMNS FROM `wd_admin` [ RunTime:0.0040s ]
SQL: SELECT * FROM `wd_admin` WHERE `username` = '1' LIMIT 1   [ RunTime:0.0000s ]
SQL: SHOW COLUMNS FROM `wd_admin` [ RunTime:0.0020s ]
SQL: SELECT * FROM `wd_admin`  [ RunTime:0.0010s ]
SQL: SHOW COLUMNS FROM `wd_backstage` [ RunTime:0.0030s ]
SQL: SELECT * FROM `wd_backstage` WHERE ( pid=0 ) ORDER BY sort asc  [ RunTime:0.0000s ]
SQL: SELECT * FROM `wd_backstage` WHERE ( pid=20 ) ORDER BY sort asc  [ RunTime:0.0000s ]
SQL: SELECT * FROM `wd_backstage` WHERE ( pid=24 ) ORDER BY sort asc  [ RunTime:0.0000s ]
SQL: SELECT * FROM `wd_backstage` WHERE ( pid=25 ) ORDER BY sort asc  [ RunTime:0.0010s ]
SQL: SELECT * FROM `wd_backstage` WHERE ( pid=26 ) ORDER BY sort asc  [ RunTime:0.0000s ]
SQL: SELECT * FROM `wd_backstage` WHERE ( pid=30 ) ORDER BY sort asc  [ RunTime:0.0000s ]
SQL: SELECT * FROM `wd_backstage` WHERE ( pid=29 ) ORDER BY sort asc  [ RunTime:0.0000s ]
SQL: SELECT * FROM `wd_backstage` WHERE ( pid=27 ) ORDER BY sort asc  [ RunTime:0.0000s ]
SQL: SELECT * FROM `wd_backstage` WHERE ( pid=61 ) ORDER BY sort asc  [ RunTime:0.0010s ]
SQL: SELECT * FROM `wd_backstage` WHERE ( pid=62 ) ORDER BY sort asc  [ RunTime:0.0000s ]
SQL: SELECT * FROM `wd_backstage` WHERE ( pid=63 ) ORDER BY sort asc  [ RunTime:0.0000s ]
SQL: SELECT * FROM `wd_backstage` WHERE ( pid=31 ) ORDER BY sort asc  [ RunTime:0.0010s ]
SQL: SELECT * FROM `wd_backstage` WHERE ( pid=33 ) ORDER BY sort asc  [ RunTime:0.0000s ]
SQL: SELECT * FROM `wd_backstage` WHERE ( pid=53 ) ORDER BY sort asc  [ RunTime:0.0000s ]
SQL: SELECT * FROM `wd_backstage` WHERE ( pid=54 ) ORDER BY sort asc  [ RunTime:0.0010s ]
SQL: SELECT * FROM `wd_backstage` WHERE ( pid=60 ) ORDER BY sort asc  [ RunTime:0.0000s ]
SQL: SELECT * FROM `wd_backstage` WHERE ( pid=52 ) ORDER BY sort asc  [ RunTime:0.0010s ]
SQL: SELECT * FROM `wd_backstage` WHERE ( pid=57 ) ORDER BY sort asc  [ RunTime:0.0000s ]
SQL: SELECT * FROM `wd_backstage` WHERE ( pid=58 ) ORDER BY sort asc  [ RunTime:0.0000s ]
SQL: SELECT * FROM `wd_backstage` WHERE ( pid=37 ) ORDER BY sort asc  [ RunTime:0.0010s ]
SQL: SELECT * FROM `wd_backstage` WHERE ( pid=38 ) ORDER BY sort asc  [ RunTime:0.0000s ]
SQL: SELECT * FROM `wd_backstage` WHERE ( pid=56 ) ORDER BY sort asc  [ RunTime:0.0010s ]
SQL: SELECT * FROM `wd_backstage` WHERE ( pid=40 ) ORDER BY sort asc  [ RunTime:0.0000s ]
SQL: SELECT * FROM `wd_backstage` WHERE ( pid=41 ) ORDER BY sort asc  [ RunTime:0.0000s ]
SQL: SELECT * FROM `wd_backstage` WHERE ( pid=59 ) ORDER BY sort asc  [ RunTime:0.0000s ]
SQL: SELECT * FROM `wd_backstage` WHERE ( pid=50 ) ORDER BY sort asc  [ RunTime:0.0000s ]
SQL: SELECT * FROM `wd_backstage` WHERE ( pid=51 ) ORDER BY sort asc  [ RunTime:0.0000s ]
SQL: SELECT * FROM `wd_backstage` WHERE ( pid=43 ) ORDER BY sort asc  [ RunTime:0.0010s ]
SQL: SELECT * FROM `wd_backstage` WHERE ( pid=44 ) ORDER BY sort asc  [ RunTime:0.0000s ]
SQL: SELECT * FROM `wd_backstage` WHERE ( pid=45 ) ORDER BY sort asc  [ RunTime:0.0000s ]
SQL: SELECT * FROM `wd_backstage` WHERE ( pid=23 ) ORDER BY sort asc  [ RunTime:0.0010s ]
SQL: SELECT * FROM `wd_backstage` WHERE ( pid=47 ) ORDER BY sort asc  [ RunTime:0.0000s ]
SQL: SELECT * FROM `wd_backstage` WHERE ( pid=0 ) ORDER BY sort asc  [ RunTime:0.0000s ]
SQL: SELECT * FROM `wd_backstage` WHERE ( pid=20 ) ORDER BY sort asc  [ RunTime:0.0010s ]
SQL: SELECT * FROM `wd_backstage` WHERE ( pid=24 ) ORDER BY sort asc  [ RunTime:0.0000s ]
SQL: SELECT * FROM `wd_backstage` WHERE ( pid=25 ) ORDER BY sort asc  [ RunTime:0.0000s ]
SQL: SELECT * FROM `wd_backstage` WHERE ( pid=26 ) ORDER BY sort asc  [ RunTime:0.0010s ]
SQL: SELECT * FROM `wd_backstage` WHERE ( pid=30 ) ORDER BY sort asc  [ RunTime:0.0000s ]
SQL: SELECT * FROM `wd_backstage` WHERE ( pid=29 ) ORDER BY sort asc  [ RunTime:0.0010s ]
SQL: SELECT * FROM `wd_backstage` WHERE ( pid=27 ) ORDER BY sort asc  [ RunTime:0.0000s ]
SQL: SELECT * FROM `wd_backstage` WHERE ( pid=61 ) ORDER BY sort asc  [ RunTime:0.0000s ]
SQL: SELECT * FROM `wd_backstage` WHERE ( pid=62 ) ORDER BY sort asc  [ RunTime:0.0010s ]
SQL: SELECT * FROM `wd_backstage` WHERE ( pid=63 ) ORDER BY sort asc  [ RunTime:0.0000s ]
SQL: SELECT * FROM `wd_backstage` WHERE ( pid=31 ) ORDER BY sort asc  [ RunTime:0.0010s ]
SQL: SELECT * FROM `wd_backstage` WHERE ( pid=33 ) ORDER BY sort asc  [ RunTime:0.0000s ]
SQL: SELECT * FROM `wd_backstage` WHERE ( pid=53 ) ORDER BY sort asc  [ RunTime:0.0000s ]
SQL: SELECT * FROM `wd_backstage` WHERE ( pid=54 ) ORDER BY sort asc  [ RunTime:0.0000s ]
SQL: SELECT * FROM `wd_backstage` WHERE ( pid=60 ) ORDER BY sort asc  [ RunTime:0.0000s ]
SQL: SELECT * FROM `wd_backstage` WHERE ( pid=52 ) ORDER BY sort asc  [ RunTime:0.0000s ]
SQL: SELECT * FROM `wd_backstage` WHERE ( pid=57 ) ORDER BY sort asc  [ RunTime:0.0010s ]
SQL: SELECT * FROM `wd_backstage` WHERE ( pid=58 ) ORDER BY sort asc  [ RunTime:0.0000s ]
SQL: SELECT * FROM `wd_backstage` WHERE ( pid=37 ) ORDER BY sort asc  [ RunTime:0.0000s ]
SQL: SELECT * FROM `wd_backstage` WHERE ( pid=38 ) ORDER BY sort asc  [ RunTime:0.0000s ]
SQL: SELECT * FROM `wd_backstage` WHERE ( pid=56 ) ORDER BY sort asc  [ RunTime:0.0000s ]
SQL: SELECT * FROM `wd_backstage` WHERE ( pid=40 ) ORDER BY sort asc  [ RunTime:0.0010s ]
SQL: SELECT * FROM `wd_backstage` WHERE ( pid=41 ) ORDER BY sort asc  [ RunTime:0.0000s ]
SQL: SELECT * FROM `wd_backstage` WHERE ( pid=59 ) ORDER BY sort asc  [ RunTime:0.0010s ]
SQL: SELECT * FROM `wd_backstage` WHERE ( pid=50 ) ORDER BY sort asc  [ RunTime:0.0000s ]
SQL: SELECT * FROM `wd_backstage` WHERE ( pid=51 ) ORDER BY sort asc  [ RunTime:0.0000s ]
SQL: SELECT * FROM `wd_backstage` WHERE ( pid=43 ) ORDER BY sort asc  [ RunTime:0.0000s ]
SQL: SELECT * FROM `wd_backstage` WHERE ( pid=44 ) ORDER BY sort asc  [ RunTime:0.0000s ]
SQL: SELECT * FROM `wd_backstage` WHERE ( pid=45 ) ORDER BY sort asc  [ RunTime:0.0010s ]
SQL: SELECT * FROM `wd_backstage` WHERE ( pid=23 ) ORDER BY sort asc  [ RunTime:0.0000s ]
SQL: SELECT * FROM `wd_backstage` WHERE ( pid=47 ) ORDER BY sort asc  [ RunTime:0.0000s ]
SQL: SHOW COLUMNS FROM `wd_backstage_icon` [ RunTime:0.0050s ]
SQL: SELECT * FROM `wd_backstage_icon`  [ RunTime:0.0010s ]
NOTIC: [8] Undefined index: isshow E:\wamp\www\yvanfa\Application\Admin\Controller\BackstageController.class.php 第 52 行.
INFO: [ view_parse ] --START--
INFO: [ template_filter ] --START--
INFO: Run Behavior\ContentReplaceBehavior [ RunTime:0.000000s ]
INFO: [ template_filter ] --END-- [ RunTime:0.000000s ]
INFO: Run Behavior\ParseTemplateBehavior [ RunTime:0.010000s ]
INFO: [ view_parse ] --END-- [ RunTime:0.011000s ]
INFO: [ view_filter ] --START--
INFO: Run Behavior\WriteHtmlCacheBehavior [ RunTime:0.000000s ]
INFO: [ view_filter ] --END-- [ RunTime:0.000000s ]
INFO: [ app_end ] --START--
INFO: Run Behavior\ShowPageTraceBehavior [ RunTime:0.001000s ]
INFO: [ app_end ] --END-- [ RunTime:0.001000s ]

[ 2017-05-09T09:08:12+08:00 ] ::1 /yvanfa/index.php/Admin/column/cate.html
INFO: [ app_init ] --START--
INFO: Run Behavior\BuildLiteBehavior [ RunTime:0.000000s ]
INFO: [ app_init ] --END-- [ RunTime:0.000000s ]
INFO: [ app_begin ] --START--
INFO: Run Behavior\ReadHtmlCacheBehavior [ RunTime:0.000000s ]
INFO: [ app_begin ] --END-- [ RunTime:0.000000s ]
SQL: SHOW COLUMNS FROM `wd_admin` [ RunTime:0.0040s ]
SQL: SELECT * FROM `wd_admin` WHERE `username` = '1' LIMIT 1   [ RunTime:0.0000s ]
SQL: SHOW COLUMNS FROM `wd_admin` [ RunTime:0.0040s ]
SQL: SELECT * FROM `wd_admin`  [ RunTime:0.0010s ]
SQL: SHOW COLUMNS FROM `wd_backstage` [ RunTime:0.0030s ]
SQL: SELECT * FROM `wd_backstage` WHERE ( pid=0 ) ORDER BY sort asc  [ RunTime:0.0010s ]
SQL: SELECT * FROM `wd_backstage` WHERE ( pid=20 ) ORDER BY sort asc  [ RunTime:0.0010s ]
SQL: SELECT * FROM `wd_backstage` WHERE ( pid=24 ) ORDER BY sort asc  [ RunTime:0.0000s ]
SQL: SELECT * FROM `wd_backstage` WHERE ( pid=25 ) ORDER BY sort asc  [ RunTime:0.0000s ]
SQL: SELECT * FROM `wd_backstage` WHERE ( pid=26 ) ORDER BY sort asc  [ RunTime:0.0000s ]
SQL: SELECT * FROM `wd_backstage` WHERE ( pid=30 ) ORDER BY sort asc  [ RunTime:0.0000s ]
SQL: SELECT * FROM `wd_backstage` WHERE ( pid=29 ) ORDER BY sort asc  [ RunTime:0.0000s ]
SQL: SELECT * FROM `wd_backstage` WHERE ( pid=27 ) ORDER BY sort asc  [ RunTime:0.0010s ]
SQL: SELECT * FROM `wd_backstage` WHERE ( pid=61 ) ORDER BY sort asc  [ RunTime:0.0000s ]
SQL: SELECT * FROM `wd_backstage` WHERE ( pid=62 ) ORDER BY sort asc  [ RunTime:0.0000s ]
SQL: SELECT * FROM `wd_backstage` WHERE ( pid=63 ) ORDER BY sort asc  [ RunTime:0.0000s ]
SQL: SELECT * FROM `wd_backstage` WHERE ( pid=31 ) ORDER BY sort asc  [ RunTime:0.0000s ]
SQL: SELECT * FROM `wd_backstage` WHERE ( pid=33 ) ORDER BY sort asc  [ RunTime:0.0000s ]
SQL: SELECT * FROM `wd_backstage` WHERE ( pid=53 ) ORDER BY sort asc  [ RunTime:0.0010s ]
SQL: SELECT * FROM `wd_backstage` WHERE ( pid=54 ) ORDER BY sort asc  [ RunTime:0.0010s ]
SQL: SELECT * FROM `wd_backstage` WHERE ( pid=60 ) ORDER BY sort asc  [ RunTime:0.0010s ]
SQL: SELECT * FROM `wd_backstage` WHERE ( pid=52 ) ORDER BY sort asc  [ RunTime:0.0010s ]
SQL: SELECT * FROM `wd_backstage` WHERE ( pid=57 ) ORDER BY sort asc  [ RunTime:0.0000s ]
SQL: SELECT * FROM `wd_backstage` WHERE ( pid=58 ) ORDER BY sort asc  [ RunTime:0.0000s ]
SQL: SELECT * FROM `wd_backstage` WHERE ( pid=37 ) ORDER BY sort asc  [ RunTime:0.0000s ]
SQL: SELECT * FROM `wd_backstage` WHERE ( pid=38 ) ORDER BY sort asc  [ RunTime:0.0000s ]
SQL: SELECT * FROM `wd_backstage` WHERE ( pid=56 ) ORDER BY sort asc  [ RunTime:0.0000s ]
SQL: SELECT * FROM `wd_backstage` WHERE ( pid=40 ) ORDER BY sort asc  [ RunTime:0.0000s ]
SQL: SELECT * FROM `wd_backstage` WHERE ( pid=41 ) ORDER BY sort asc  [ RunTime:0.0000s ]
SQL: SELECT * FROM `wd_backstage` WHERE ( pid=59 ) ORDER BY sort asc  [ RunTime:0.0000s ]
SQL: SELECT * FROM `wd_backstage` WHERE ( pid=50 ) ORDER BY sort asc  [ RunTime:0.0010s ]
SQL: SELECT * FROM `wd_backstage` WHERE ( pid=51 ) ORDER BY sort asc  [ RunTime:0.0010s ]
SQL: SELECT * FROM `wd_backstage` WHERE ( pid=43 ) ORDER BY sort asc  [ RunTime:0.0010s ]
SQL: SELECT * FROM `wd_backstage` WHERE ( pid=44 ) ORDER BY sort asc  [ RunTime:0.0000s ]
SQL: SELECT * FROM `wd_backstage` WHERE ( pid=45 ) ORDER BY sort asc  [ RunTime:0.0000s ]
SQL: SELECT * FROM `wd_backstage` WHERE ( pid=23 ) ORDER BY sort asc  [ RunTime:0.0000s ]
SQL: SELECT * FROM `wd_backstage` WHERE ( pid=47 ) ORDER BY sort asc  [ RunTime:0.0000s ]
SQL: SHOW COLUMNS FROM `wd_cate` [ RunTime:0.0030s ]
SQL: SELECT * FROM `wd_cate` WHERE ( pid=0 ) ORDER BY sort asc  [ RunTime:0.0000s ]
SQL: SELECT * FROM `wd_cate` WHERE ( pid=10 ) ORDER BY sort asc  [ RunTime:0.0000s ]
SQL: SELECT * FROM `wd_cate` WHERE ( pid=11 ) ORDER BY sort asc  [ RunTime:0.0010s ]
SQL: SELECT * FROM `wd_cate` WHERE ( pid=22 ) ORDER BY sort asc  [ RunTime:0.0010s ]
SQL: SELECT * FROM `wd_cate` WHERE ( pid=14 ) ORDER BY sort asc  [ RunTime:0.0000s ]
SQL: SELECT * FROM `wd_cate` WHERE ( pid=15 ) ORDER BY sort asc  [ RunTime:0.0000s ]
SQL: SELECT * FROM `wd_cate` WHERE ( pid=16 ) ORDER BY sort asc  [ RunTime:0.0000s ]
SQL: SELECT * FROM `wd_cate` WHERE ( pid=18 ) ORDER BY sort asc  [ RunTime:0.0000s ]
INFO: [ view_parse ] --START--
INFO: [ template_filter ] --START--
INFO: Run Behavior\ContentReplaceBehavior [ RunTime:0.000000s ]
INFO: [ template_filter ] --END-- [ RunTime:0.000000s ]
INFO: Run Behavior\ParseTemplateBehavior [ RunTime:0.012000s ]
INFO: [ view_parse ] --END-- [ RunTime:0.012000s ]
INFO: [ view_filter ] --START--
INFO: Run Behavior\WriteHtmlCacheBehavior [ RunTime:0.000000s ]
INFO: [ view_filter ] --END-- [ RunTime:0.000000s ]
INFO: [ app_end ] --START--
INFO: Run Behavior\ShowPageTraceBehavior [ RunTime:0.000000s ]
INFO: [ app_end ] --END-- [ RunTime:0.001000s ]

[ 2017-05-09T09:08:13+08:00 ] ::1 /yvanfa/index.php/Admin/Column/cate_add.html
INFO: [ app_init ] --START--
INFO: Run Behavior\BuildLiteBehavior [ RunTime:0.000000s ]
INFO: [ app_init ] --END-- [ RunTime:0.001000s ]
INFO: [ app_begin ] --START--
INFO: Run Behavior\ReadHtmlCacheBehavior [ RunTime:0.001000s ]
INFO: [ app_begin ] --END-- [ RunTime:0.002000s ]
SQL: SHOW COLUMNS FROM `wd_admin` [ RunTime:0.0030s ]
SQL: SELECT * FROM `wd_admin` WHERE `username` = '1' LIMIT 1   [ RunTime:0.0000s ]
SQL: SHOW COLUMNS FROM `wd_admin` [ RunTime:0.0030s ]
SQL: SELECT * FROM `wd_admin`  [ RunTime:0.0000s ]
SQL: SHOW COLUMNS FROM `wd_backstage` [ RunTime:0.0030s ]
SQL: SELECT * FROM `wd_backstage` WHERE ( pid=0 ) ORDER BY sort asc  [ RunTime:0.0000s ]
SQL: SELECT * FROM `wd_backstage` WHERE ( pid=20 ) ORDER BY sort asc  [ RunTime:0.0000s ]
SQL: SELECT * FROM `wd_backstage` WHERE ( pid=24 ) ORDER BY sort asc  [ RunTime:0.0000s ]
SQL: SELECT * FROM `wd_backstage` WHERE ( pid=25 ) ORDER BY sort asc  [ RunTime:0.0010s ]
SQL: SELECT * FROM `wd_backstage` WHERE ( pid=26 ) ORDER BY sort asc  [ RunTime:0.0000s ]
SQL: SELECT * FROM `wd_backstage` WHERE ( pid=30 ) ORDER BY sort asc  [ RunTime:0.0000s ]
SQL: SELECT * FROM `wd_backstage` WHERE ( pid=29 ) ORDER BY sort asc  [ RunTime:0.0010s ]
SQL: SELECT * FROM `wd_backstage` WHERE ( pid=27 ) ORDER BY sort asc  [ RunTime:0.0010s ]
SQL: SELECT * FROM `wd_backstage` WHERE ( pid=61 ) ORDER BY sort asc  [ RunTime:0.0000s ]
SQL: SELECT * FROM `wd_backstage` WHERE ( pid=62 ) ORDER BY sort asc  [ RunTime:0.0000s ]
SQL: SELECT * FROM `wd_backstage` WHERE ( pid=63 ) ORDER BY sort asc  [ RunTime:0.0000s ]
SQL: SELECT * FROM `wd_backstage` WHERE ( pid=31 ) ORDER BY sort asc  [ RunTime:0.0010s ]
SQL: SELECT * FROM `wd_backstage` WHERE ( pid=33 ) ORDER BY sort asc  [ RunTime:0.0000s ]
SQL: SELECT * FROM `wd_backstage` WHERE ( pid=53 ) ORDER BY sort asc  [ RunTime:0.0000s ]
SQL: SELECT * FROM `wd_backstage` WHERE ( pid=54 ) ORDER BY sort asc  [ RunTime:0.0000s ]
SQL: SELECT * FROM `wd_backstage` WHERE ( pid=60 ) ORDER BY sort asc  [ RunTime:0.0010s ]
SQL: SELECT * FROM `wd_backstage` WHERE ( pid=52 ) ORDER BY sort asc  [ RunTime:0.0000s ]
SQL: SELECT * FROM `wd_backstage` WHERE ( pid=57 ) ORDER BY sort asc  [ RunTime:0.0000s ]
SQL: SELECT * FROM `wd_backstage` WHERE ( pid=58 ) ORDER BY sort asc  [ RunTime:0.0000s ]
SQL: SELECT * FROM `wd_backstage` WHERE ( pid=37 ) ORDER BY sort asc  [ RunTime:0.0010s ]
SQL: SELECT * FROM `wd_backstage` WHERE ( pid=38 ) ORDER BY sort asc  [ RunTime:0.0000s ]
SQL: SELECT * FROM `wd_backstage` WHERE ( pid=56 ) ORDER BY sort asc  [ RunTime:0.0000s ]
SQL: SELECT * FROM `wd_backstage` WHERE ( pid=40 ) ORDER BY sort asc  [ RunTime:0.0000s ]
SQL: SELECT * FROM `wd_backstage` WHERE ( pid=41 ) ORDER BY sort asc  [ RunTime:0.0010s ]
SQL: SELECT * FROM `wd_backstage` WHERE ( pid=59 ) ORDER BY sort asc  [ RunTime:0.0000s ]
SQL: SELECT * FROM `wd_backstage` WHERE ( pid=50 ) ORDER BY sort asc  [ RunTime:0.0000s ]
SQL: SELECT * FROM `wd_backstage` WHERE ( pid=51 ) ORDER BY sort asc  [ RunTime:0.0010s ]
SQL: SELECT * FROM `wd_backstage` WHERE ( pid=43 ) ORDER BY sort asc  [ RunTime:0.0000s ]
SQL: SELECT * FROM `wd_backstage` WHERE ( pid=44 ) ORDER BY sort asc  [ RunTime:0.0000s ]
SQL: SELECT * FROM `wd_backstage` WHERE ( pid=45 ) ORDER BY sort asc  [ RunTime:0.0000s ]
SQL: SELECT * FROM `wd_backstage` WHERE ( pid=23 ) ORDER BY sort asc  [ RunTime:0.0010s ]
SQL: SELECT * FROM `wd_backstage` WHERE ( pid=47 ) ORDER BY sort asc  [ RunTime:0.0010s ]
SQL: SHOW COLUMNS FROM `wd_cate` [ RunTime:0.0030s ]
SQL: SELECT * FROM `wd_cate`  [ RunTime:0.0010s ]
NOTIC: [8] Undefined index: isshow E:\wamp\www\yvanfa\Application\Admin\Controller\ColumnController.class.php 第 48 行.
INFO: [ view_parse ] --START--
INFO: [ template_filter ] --START--
INFO: Run Behavior\ContentReplaceBehavior [ RunTime:0.000000s ]
INFO: [ template_filter ] --END-- [ RunTime:0.000000s ]
INFO: Run Behavior\ParseTemplateBehavior [ RunTime:0.010000s ]
INFO: [ view_parse ] --END-- [ RunTime:0.010000s ]
INFO: [ view_filter ] --START--
INFO: Run Behavior\WriteHtmlCacheBehavior [ RunTime:0.000000s ]
INFO: [ view_filter ] --END-- [ RunTime:0.000000s ]
INFO: [ app_end ] --START--
INFO: Run Behavior\ShowPageTraceBehavior [ RunTime:0.001000s ]
INFO: [ app_end ] --END-- [ RunTime:0.001000s ]

[ 2017-05-09T09:08:20+08:00 ] ::1 /yvanfa/index.php/Admin/column/column.html
INFO: [ app_init ] --START--
INFO: Run Behavior\BuildLiteBehavior [ RunTime:0.000000s ]
INFO: [ app_init ] --END-- [ RunTime:0.000000s ]
INFO: [ app_begin ] --START--
INFO: Run Behavior\ReadHtmlCacheBehavior [ RunTime:0.001000s ]
INFO: [ app_begin ] --END-- [ RunTime:0.001000s ]
SQL: SHOW COLUMNS FROM `wd_admin` [ RunTime:0.0030s ]
SQL: SELECT * FROM `wd_admin` WHERE `username` = '1' LIMIT 1   [ RunTime:0.0000s ]
SQL: SHOW COLUMNS FROM `wd_admin` [ RunTime:0.0030s ]
SQL: SELECT * FROM `wd_admin`  [ RunTime:0.0000s ]
SQL: SHOW COLUMNS FROM `wd_backstage` [ RunTime:0.0020s ]
SQL: SELECT * FROM `wd_backstage` WHERE ( pid=0 ) ORDER BY sort asc  [ RunTime:0.0010s ]
SQL: SELECT * FROM `wd_backstage` WHERE ( pid=20 ) ORDER BY sort asc  [ RunTime:0.0000s ]
SQL: SELECT * FROM `wd_backstage` WHERE ( pid=24 ) ORDER BY sort asc  [ RunTime:0.0000s ]
SQL: SELECT * FROM `wd_backstage` WHERE ( pid=25 ) ORDER BY sort asc  [ RunTime:0.0000s ]
SQL: SELECT * FROM `wd_backstage` WHERE ( pid=26 ) ORDER BY sort asc  [ RunTime:0.0000s ]
SQL: SELECT * FROM `wd_backstage` WHERE ( pid=30 ) ORDER BY sort asc  [ RunTime:0.0000s ]
SQL: SELECT * FROM `wd_backstage` WHERE ( pid=29 ) ORDER BY sort asc  [ RunTime:0.0000s ]
SQL: SELECT * FROM `wd_backstage` WHERE ( pid=27 ) ORDER BY sort asc  [ RunTime:0.0010s ]
SQL: SELECT * FROM `wd_backstage` WHERE ( pid=61 ) ORDER BY sort asc  [ RunTime:0.0000s ]
SQL: SELECT * FROM `wd_backstage` WHERE ( pid=62 ) ORDER BY sort asc  [ RunTime:0.0000s ]
SQL: SELECT * FROM `wd_backstage` WHERE ( pid=63 ) ORDER BY sort asc  [ RunTime:0.0000s ]
SQL: SELECT * FROM `wd_backstage` WHERE ( pid=31 ) ORDER BY sort asc  [ RunTime:0.0000s ]
SQL: SELECT * FROM `wd_backstage` WHERE ( pid=33 ) ORDER BY sort asc  [ RunTime:0.0010s ]
SQL: SELECT * FROM `wd_backstage` WHERE ( pid=53 ) ORDER BY sort asc  [ RunTime:0.0000s ]
SQL: SELECT * FROM `wd_backstage` WHERE ( pid=54 ) ORDER BY sort asc  [ RunTime:0.0000s ]
SQL: SELECT * FROM `wd_backstage` WHERE ( pid=60 ) ORDER BY sort asc  [ RunTime:0.0010s ]
SQL: SELECT * FROM `wd_backstage` WHERE ( pid=52 ) ORDER BY sort asc  [ RunTime:0.0000s ]
SQL: SELECT * FROM `wd_backstage` WHERE ( pid=57 ) ORDER BY sort asc  [ RunTime:0.0000s ]
SQL: SELECT * FROM `wd_backstage` WHERE ( pid=58 ) ORDER BY sort asc  [ RunTime:0.0000s ]
SQL: SELECT * FROM `wd_backstage` WHERE ( pid=37 ) ORDER BY sort asc  [ RunTime:0.0000s ]
SQL: SELECT * FROM `wd_backstage` WHERE ( pid=38 ) ORDER BY sort asc  [ RunTime:0.0010s ]
SQL: SELECT * FROM `wd_backstage` WHERE ( pid=56 ) ORDER BY sort asc  [ RunTime:0.0000s ]
SQL: SELECT * FROM `wd_backstage` WHERE ( pid=40 ) ORDER BY sort asc  [ RunTime:0.0010s ]
SQL: SELECT * FROM `wd_backstage` WHERE ( pid=41 ) ORDER BY sort asc  [ RunTime:0.0000s ]
SQL: SELECT * FROM `wd_backstage` WHERE ( pid=59 ) ORDER BY sort asc  [ RunTime:0.0000s ]
SQL: SELECT * FROM `wd_backstage` WHERE ( pid=50 ) ORDER BY sort asc  [ RunTime:0.0000s ]
SQL: SELECT * FROM `wd_backstage` WHERE ( pid=51 ) ORDER BY sort asc  [ RunTime:0.0000s ]
SQL: SELECT * FROM `wd_backstage` WHERE ( pid=43 ) ORDER BY sort asc  [ RunTime:0.0010s ]
SQL: SELECT * FROM `wd_backstage` WHERE ( pid=44 ) ORDER BY sort asc  [ RunTime:0.0000s ]
SQL: SELECT * FROM `wd_backstage` WHERE ( pid=45 ) ORDER BY sort asc  [ RunTime:0.0010s ]
SQL: SELECT * FROM `wd_backstage` WHERE ( pid=23 ) ORDER BY sort asc  [ RunTime:0.0000s ]
SQL: SELECT * FROM `wd_backstage` WHERE ( pid=47 ) ORDER BY sort asc  [ RunTime:0.0000s ]
SQL: SHOW COLUMNS FROM `wd_column` [ RunTime:0.0030s ]
SQL: SELECT * FROM `wd_column`  [ RunTime:0.0010s ]
INFO: [ view_parse ] --START--
INFO: [ template_filter ] --START--
INFO: Run Behavior\ContentReplaceBehavior [ RunTime:0.000000s ]
INFO: [ template_filter ] --END-- [ RunTime:0.001000s ]
INFO: Run Behavior\ParseTemplateBehavior [ RunTime:0.009000s ]
INFO: [ view_parse ] --END-- [ RunTime:0.009000s ]
INFO: [ view_filter ] --START--
INFO: Run Behavior\WriteHtmlCacheBehavior [ RunTime:0.000000s ]
INFO: [ view_filter ] --END-- [ RunTime:0.000000s ]
INFO: [ app_end ] --START--
INFO: Run Behavior\ShowPageTraceBehavior [ RunTime:0.001000s ]
INFO: [ app_end ] --END-- [ RunTime:0.001000s ]

[ 2017-05-09T09:08:21+08:00 ] ::1 /yvanfa/index.php/Admin/Contact/website.html
INFO: [ app_init ] --START--
INFO: Run Behavior\BuildLiteBehavior [ RunTime:0.000000s ]
INFO: [ app_init ] --END-- [ RunTime:0.000000s ]
INFO: [ app_begin ] --START--
INFO: Run Behavior\ReadHtmlCacheBehavior [ RunTime:0.001000s ]
INFO: [ app_begin ] --END-- [ RunTime:0.001000s ]
SQL: SHOW COLUMNS FROM `wd_admin` [ RunTime:0.0040s ]
SQL: SELECT * FROM `wd_admin` WHERE `username` = '1' LIMIT 1   [ RunTime:0.0010s ]
SQL: SHOW COLUMNS FROM `wd_admin` [ RunTime:0.0030s ]
SQL: SELECT * FROM `wd_admin`  [ RunTime:0.0000s ]
SQL: SHOW COLUMNS FROM `wd_backstage` [ RunTime:0.0020s ]
SQL: SELECT * FROM `wd_backstage` WHERE ( pid=0 ) ORDER BY sort asc  [ RunTime:0.0000s ]
SQL: SELECT * FROM `wd_backstage` WHERE ( pid=20 ) ORDER BY sort asc  [ RunTime:0.0000s ]
SQL: SELECT * FROM `wd_backstage` WHERE ( pid=24 ) ORDER BY sort asc  [ RunTime:0.0000s ]
SQL: SELECT * FROM `wd_backstage` WHERE ( pid=25 ) ORDER BY sort asc  [ RunTime:0.0000s ]
SQL: SELECT * FROM `wd_backstage` WHERE ( pid=26 ) ORDER BY sort asc  [ RunTime:0.0000s ]
SQL: SELECT * FROM `wd_backstage` WHERE ( pid=30 ) ORDER BY sort asc  [ RunTime:0.0000s ]
SQL: SELECT * FROM `wd_backstage` WHERE ( pid=29 ) ORDER BY sort asc  [ RunTime:0.0010s ]
SQL: SELECT * FROM `wd_backstage` WHERE ( pid=27 ) ORDER BY sort asc  [ RunTime:0.0000s ]
SQL: SELECT * FROM `wd_backstage` WHERE ( pid=61 ) ORDER BY sort asc  [ RunTime:0.0000s ]
SQL: SELECT * FROM `wd_backstage` WHERE ( pid=62 ) ORDER BY sort asc  [ RunTime:0.0000s ]
SQL: SELECT * FROM `wd_backstage` WHERE ( pid=63 ) ORDER BY sort asc  [ RunTime:0.0000s ]
SQL: SELECT * FROM `wd_backstage` WHERE ( pid=31 ) ORDER BY sort asc  [ RunTime:0.0000s ]
SQL: SELECT * FROM `wd_backstage` WHERE ( pid=33 ) ORDER BY sort asc  [ RunTime:0.0000s ]
SQL: SELECT * FROM `wd_backstage` WHERE ( pid=53 ) ORDER BY sort asc  [ RunTime:0.0000s ]
SQL: SELECT * FROM `wd_backstage` WHERE ( pid=54 ) ORDER BY sort asc  [ RunTime:0.0000s ]
SQL: SELECT * FROM `wd_backstage` WHERE ( pid=60 ) ORDER BY sort asc  [ RunTime:0.0010s ]
SQL: SELECT * FROM `wd_backstage` WHERE ( pid=52 ) ORDER BY sort asc  [ RunTime:0.0000s ]
SQL: SELECT * FROM `wd_backstage` WHERE ( pid=57 ) ORDER BY sort asc  [ RunTime:0.0000s ]
SQL: SELECT * FROM `wd_backstage` WHERE ( pid=58 ) ORDER BY sort asc  [ RunTime:0.0010s ]
SQL: SELECT * FROM `wd_backstage` WHERE ( pid=37 ) ORDER BY sort asc  [ RunTime:0.0000s ]
SQL: SELECT * FROM `wd_backstage` WHERE ( pid=38 ) ORDER BY sort asc  [ RunTime:0.0000s ]
SQL: SELECT * FROM `wd_backstage` WHERE ( pid=56 ) ORDER BY sort asc  [ RunTime:0.0000s ]
SQL: SELECT * FROM `wd_backstage` WHERE ( pid=40 ) ORDER BY sort asc  [ RunTime:0.0000s ]
SQL: SELECT * FROM `wd_backstage` WHERE ( pid=41 ) ORDER BY sort asc  [ RunTime:0.0010s ]
SQL: SELECT * FROM `wd_backstage` WHERE ( pid=59 ) ORDER BY sort asc  [ RunTime:0.0000s ]
SQL: SELECT * FROM `wd_backstage` WHERE ( pid=50 ) ORDER BY sort asc  [ RunTime:0.0000s ]
SQL: SELECT * FROM `wd_backstage` WHERE ( pid=51 ) ORDER BY sort asc  [ RunTime:0.0000s ]
SQL: SELECT * FROM `wd_backstage` WHERE ( pid=43 ) ORDER BY sort asc  [ RunTime:0.0000s ]
SQL: SELECT * FROM `wd_backstage` WHERE ( pid=44 ) ORDER BY sort asc  [ RunTime:0.0010s ]
SQL: SELECT * FROM `wd_backstage` WHERE ( pid=45 ) ORDER BY sort asc  [ RunTime:0.0000s ]
SQL: SELECT * FROM `wd_backstage` WHERE ( pid=23 ) ORDER BY sort asc  [ RunTime:0.0000s ]
SQL: SELECT * FROM `wd_backstage` WHERE ( pid=47 ) ORDER BY sort asc  [ RunTime:0.0010s ]
SQL: SHOW COLUMNS FROM `wd_web` [ RunTime:0.0020s ]
SQL: SELECT * FROM `wd_web` LIMIT 1   [ RunTime:0.0000s ]
INFO: [ view_parse ] --START--
INFO: [ template_filter ] --START--
INFO: Run Behavior\ContentReplaceBehavior [ RunTime:0.000000s ]
INFO: [ template_filter ] --END-- [ RunTime:0.000000s ]
INFO: Run Behavior\ParseTemplateBehavior [ RunTime:0.007000s ]
INFO: [ view_parse ] --END-- [ RunTime:0.007000s ]
INFO: [ view_filter ] --START--
INFO: Run Behavior\WriteHtmlCacheBehavior [ RunTime:0.000000s ]
INFO: [ view_filter ] --END-- [ RunTime:0.000000s ]
INFO: [ app_end ] --START--
INFO: Run Behavior\ShowPageTraceBehavior [ RunTime:0.000000s ]
INFO: [ app_end ] --END-- [ RunTime:0.000000s ]

[ 2017-05-09T09:09:53+08:00 ] ::1 /yvanfa/index.php/Admin/Contact/website.html
INFO: [ app_init ] --START--
INFO: Run Behavior\BuildLiteBehavior [ RunTime:0.000000s ]
INFO: [ app_init ] --END-- [ RunTime:0.001000s ]
INFO: [ app_begin ] --START--
INFO: Run Behavior\ReadHtmlCacheBehavior [ RunTime:0.001000s ]
INFO: [ app_begin ] --END-- [ RunTime:0.001000s ]
SQL: SHOW COLUMNS FROM `wd_admin` [ RunTime:0.0040s ]
SQL: SELECT * FROM `wd_admin` WHERE `username` = '1' LIMIT 1   [ RunTime:0.0000s ]
SQL: SHOW COLUMNS FROM `wd_admin` [ RunTime:0.0030s ]
SQL: SELECT * FROM `wd_admin`  [ RunTime:0.0000s ]
SQL: SHOW COLUMNS FROM `wd_backstage` [ RunTime:0.0030s ]
SQL: SELECT * FROM `wd_backstage` WHERE ( pid=0 ) ORDER BY sort asc  [ RunTime:0.0000s ]
SQL: SELECT * FROM `wd_backstage` WHERE ( pid=20 ) ORDER BY sort asc  [ RunTime:0.0000s ]
SQL: SELECT * FROM `wd_backstage` WHERE ( pid=24 ) ORDER BY sort asc  [ RunTime:0.0010s ]
SQL: SELECT * FROM `wd_backstage` WHERE ( pid=25 ) ORDER BY sort asc  [ RunTime:0.0000s ]
SQL: SELECT * FROM `wd_backstage` WHERE ( pid=26 ) ORDER BY sort asc  [ RunTime:0.0000s ]
SQL: SELECT * FROM `wd_backstage` WHERE ( pid=30 ) ORDER BY sort asc  [ RunTime:0.0010s ]
SQL: SELECT * FROM `wd_backstage` WHERE ( pid=29 ) ORDER BY sort asc  [ RunTime:0.0010s ]
SQL: SELECT * FROM `wd_backstage` WHERE ( pid=27 ) ORDER BY sort asc  [ RunTime:0.0000s ]
SQL: SELECT * FROM `wd_backstage` WHERE ( pid=61 ) ORDER BY sort asc  [ RunTime:0.0000s ]
SQL: SELECT * FROM `wd_backstage` WHERE ( pid=62 ) ORDER BY sort asc  [ RunTime:0.0000s ]
SQL: SELECT * FROM `wd_backstage` WHERE ( pid=63 ) ORDER BY sort asc  [ RunTime:0.0010s ]
SQL: SELECT * FROM `wd_backstage` WHERE ( pid=31 ) ORDER BY sort asc  [ RunTime:0.0000s ]
SQL: SELECT * FROM `wd_backstage` WHERE ( pid=33 ) ORDER BY sort asc  [ RunTime:0.0000s ]
SQL: SELECT * FROM `wd_backstage` WHERE ( pid=53 ) ORDER BY sort asc  [ RunTime:0.0010s ]
SQL: SELECT * FROM `wd_backstage` WHERE ( pid=54 ) ORDER BY sort asc  [ RunTime:0.0010s ]
SQL: SELECT * FROM `wd_backstage` WHERE ( pid=60 ) ORDER BY sort asc  [ RunTime:0.0000s ]
SQL: SELECT * FROM `wd_backstage` WHERE ( pid=52 ) ORDER BY sort asc  [ RunTime:0.0000s ]
SQL: SELECT * FROM `wd_backstage` WHERE ( pid=57 ) ORDER BY sort asc  [ RunTime:0.0000s ]
SQL: SELECT * FROM `wd_backstage` WHERE ( pid=58 ) ORDER BY sort asc  [ RunTime:0.0000s ]
SQL: SELECT * FROM `wd_backstage` WHERE ( pid=37 ) ORDER BY sort asc  [ RunTime:0.0000s ]
SQL: SELECT * FROM `wd_backstage` WHERE ( pid=38 ) ORDER BY sort asc  [ RunTime:0.0000s ]
SQL: SELECT * FROM `wd_backstage` WHERE ( pid=56 ) ORDER BY sort asc  [ RunTime:0.0000s ]
SQL: SELECT * FROM `wd_backstage` WHERE ( pid=40 ) ORDER BY sort asc  [ RunTime:0.0000s ]
SQL: SELECT * FROM `wd_backstage` WHERE ( pid=41 ) ORDER BY sort asc  [ RunTime:0.0010s ]
SQL: SELECT * FROM `wd_backstage` WHERE ( pid=59 ) ORDER BY sort asc  [ RunTime:0.0010s ]
SQL: SELECT * FROM `wd_backstage` WHERE ( pid=50 ) ORDER BY sort asc  [ RunTime:0.0000s ]
SQL: SELECT * FROM `wd_backstage` WHERE ( pid=51 ) ORDER BY sort asc  [ RunTime:0.0000s ]
SQL: SELECT * FROM `wd_backstage` WHERE ( pid=43 ) ORDER BY sort asc  [ RunTime:0.0010s ]
SQL: SELECT * FROM `wd_backstage` WHERE ( pid=44 ) ORDER BY sort asc  [ RunTime:0.0010s ]
SQL: SELECT * FROM `wd_backstage` WHERE ( pid=45 ) ORDER BY sort asc  [ RunTime:0.0000s ]
SQL: SELECT * FROM `wd_backstage` WHERE ( pid=23 ) ORDER BY sort asc  [ RunTime:0.0000s ]
SQL: SELECT * FROM `wd_backstage` WHERE ( pid=47 ) ORDER BY sort asc  [ RunTime:0.0010s ]
SQL: SHOW COLUMNS FROM `wd_web` [ RunTime:0.0030s ]
SQL: SELECT * FROM `wd_web` LIMIT 1   [ RunTime:0.0000s ]
INFO: [ view_parse ] --START--
INFO: [ template_filter ] --START--
INFO: Run Behavior\ContentReplaceBehavior [ RunTime:0.000000s ]
INFO: [ template_filter ] --END-- [ RunTime:0.000000s ]
INFO: Run Behavior\ParseTemplateBehavior [ RunTime:0.007000s ]
INFO: [ view_parse ] --END-- [ RunTime:0.007000s ]
INFO: [ view_filter ] --START--
INFO: Run Behavior\WriteHtmlCacheBehavior [ RunTime:0.000000s ]
INFO: [ view_filter ] --END-- [ RunTime:0.000000s ]
INFO: [ app_end ] --START--
INFO: Run Behavior\ShowPageTraceBehavior [ RunTime:0.001000s ]
INFO: [ app_end ] --END-- [ RunTime:0.001000s ]

[ 2017-05-09T09:10:44+08:00 ] ::1 /yvanfa/index.php/Admin/column/column.html
INFO: [ app_init ] --START--
INFO: Run Behavior\BuildLiteBehavior [ RunTime:0.001000s ]
INFO: [ app_init ] --END-- [ RunTime:0.001000s ]
INFO: [ app_begin ] --START--
INFO: Run Behavior\ReadHtmlCacheBehavior [ RunTime:0.001000s ]
INFO: [ app_begin ] --END-- [ RunTime:0.001000s ]
SQL: SHOW COLUMNS FROM `wd_admin` [ RunTime:0.0050s ]
SQL: SELECT * FROM `wd_admin` WHERE `username` = '1' LIMIT 1   [ RunTime:0.0010s ]
SQL: SHOW COLUMNS FROM `wd_admin` [ RunTime:0.0050s ]
SQL: SELECT * FROM `wd_admin`  [ RunTime:0.0010s ]
SQL: SHOW COLUMNS FROM `wd_backstage` [ RunTime:0.0050s ]
SQL: SELECT * FROM `wd_backstage` WHERE ( pid=0 ) ORDER BY sort asc  [ RunTime:0.0010s ]
SQL: SELECT * FROM `wd_backstage` WHERE ( pid=20 ) ORDER BY sort asc  [ RunTime:0.0010s ]
SQL: SELECT * FROM `wd_backstage` WHERE ( pid=24 ) ORDER BY sort asc  [ RunTime:0.0000s ]
SQL: SELECT * FROM `wd_backstage` WHERE ( pid=25 ) ORDER BY sort asc  [ RunTime:0.0000s ]
SQL: SELECT * FROM `wd_backstage` WHERE ( pid=26 ) ORDER BY sort asc  [ RunTime:0.0000s ]
SQL: SELECT * FROM `wd_backstage` WHERE ( pid=30 ) ORDER BY sort asc  [ RunTime:0.0000s ]
SQL: SELECT * FROM `wd_backstage` WHERE ( pid=29 ) ORDER BY sort asc  [ RunTime:0.0010s ]
SQL: SELECT * FROM `wd_backstage` WHERE ( pid=27 ) ORDER BY sort asc  [ RunTime:0.0010s ]
SQL: SELECT * FROM `wd_backstage` WHERE ( pid=61 ) ORDER BY sort asc  [ RunTime:0.0000s ]
SQL: SELECT * FROM `wd_backstage` WHERE ( pid=62 ) ORDER BY sort asc  [ RunTime:0.0000s ]
SQL: SELECT * FROM `wd_backstage` WHERE ( pid=63 ) ORDER BY sort asc  [ RunTime:0.0010s ]
SQL: SELECT * FROM `wd_backstage` WHERE ( pid=31 ) ORDER BY sort asc  [ RunTime:0.0010s ]
SQL: SELECT * FROM `wd_backstage` WHERE ( pid=33 ) ORDER BY sort asc  [ RunTime:0.0010s ]
SQL: SELECT * FROM `wd_backstage` WHERE ( pid=53 ) ORDER BY sort asc  [ RunTime:0.0000s ]
SQL: SELECT * FROM `wd_backstage` WHERE ( pid=54 ) ORDER BY sort asc  [ RunTime:0.0000s ]
SQL: SELECT * FROM `wd_backstage` WHERE ( pid=60 ) ORDER BY sort asc  [ RunTime:0.0000s ]
SQL: SELECT * FROM `wd_backstage` WHERE ( pid=52 ) ORDER BY sort asc  [ RunTime:0.0000s ]
SQL: SELECT * FROM `wd_backstage` WHERE ( pid=57 ) ORDER BY sort asc  [ RunTime:0.0010s ]
SQL: SELECT * FROM `wd_backstage` WHERE ( pid=58 ) ORDER BY sort asc  [ RunTime:0.0010s ]
SQL: SELECT * FROM `wd_backstage` WHERE ( pid=37 ) ORDER BY sort asc  [ RunTime:0.0010s ]
SQL: SELECT * FROM `wd_backstage` WHERE ( pid=38 ) ORDER BY sort asc  [ RunTime:0.0010s ]
SQL: SELECT * FROM `wd_backstage` WHERE ( pid=56 ) ORDER BY sort asc  [ RunTime:0.0010s ]
SQL: SELECT * FROM `wd_backstage` WHERE ( pid=40 ) ORDER BY sort asc  [ RunTime:0.0000s ]
SQL: SELECT * FROM `wd_backstage` WHERE ( pid=41 ) ORDER BY sort asc  [ RunTime:0.0000s ]
SQL: SELECT * FROM `wd_backstage` WHERE ( pid=59 ) ORDER BY sort asc  [ RunTime:0.0000s ]
SQL: SELECT * FROM `wd_backstage` WHERE ( pid=50 ) ORDER BY sort asc  [ RunTime:0.0010s ]
SQL: SELECT * FROM `wd_backstage` WHERE ( pid=51 ) ORDER BY sort asc  [ RunTime:0.0010s ]
SQL: SELECT * FROM `wd_backstage` WHERE ( pid=43 ) ORDER BY sort asc  [ RunTime:0.0000s ]
SQL: SELECT * FROM `wd_backstage` WHERE ( pid=44 ) ORDER BY sort asc  [ RunTime:0.0000s ]
SQL: SELECT * FROM `wd_backstage` WHERE ( pid=45 ) ORDER BY sort asc  [ RunTime:0.0010s ]
SQL: SELECT * FROM `wd_backstage` WHERE ( pid=23 ) ORDER BY sort asc  [ RunTime:0.0000s ]
SQL: SELECT * FROM `wd_backstage` WHERE ( pid=47 ) ORDER BY sort asc  [ RunTime:0.0000s ]
SQL: SHOW COLUMNS FROM `wd_column` [ RunTime:0.0030s ]
SQL: SELECT * FROM `wd_column`  [ RunTime:0.0000s ]
INFO: [ view_parse ] --START--
INFO: [ template_filter ] --START--
INFO: Run Behavior\ContentReplaceBehavior [ RunTime:0.000000s ]
INFO: [ template_filter ] --END-- [ RunTime:0.000000s ]
INFO: Run Behavior\ParseTemplateBehavior [ RunTime:0.010000s ]
INFO: [ view_parse ] --END-- [ RunTime:0.010000s ]
INFO: [ view_filter ] --START--
INFO: Run Behavior\WriteHtmlCacheBehavior [ RunTime:0.000000s ]
INFO: [ view_filter ] --END-- [ RunTime:0.000000s ]
INFO: [ app_end ] --START--
INFO: Run Behavior\ShowPageTraceBehavior [ RunTime:0.000000s ]
INFO: [ app_end ] --END-- [ RunTime:0.000000s ]

[ 2017-05-09T09:10:45+08:00 ] ::1 /yvanfa/index.php/Admin/Column/column_add.html
INFO: [ app_init ] --START--
INFO: Run Behavior\BuildLiteBehavior [ RunTime:0.001000s ]
INFO: [ app_init ] --END-- [ RunTime:0.001000s ]
INFO: [ app_begin ] --START--
INFO: Run Behavior\ReadHtmlCacheBehavior [ RunTime:0.001000s ]
INFO: [ app_begin ] --END-- [ RunTime:0.001000s ]
SQL: SHOW COLUMNS FROM `wd_admin` [ RunTime:0.0050s ]
SQL: SELECT * FROM `wd_admin` WHERE `username` = '1' LIMIT 1   [ RunTime:0.0000s ]
SQL: SHOW COLUMNS FROM `wd_admin` [ RunTime:0.0050s ]
SQL: SELECT * FROM `wd_admin`  [ RunTime:0.0010s ]
SQL: SHOW COLUMNS FROM `wd_backstage` [ RunTime:0.0050s ]
SQL: SELECT * FROM `wd_backstage` WHERE ( pid=0 ) ORDER BY sort asc  [ RunTime:0.0010s ]
SQL: SELECT * FROM `wd_backstage` WHERE ( pid=20 ) ORDER BY sort asc  [ RunTime:0.0000s ]
SQL: SELECT * FROM `wd_backstage` WHERE ( pid=24 ) ORDER BY sort asc  [ RunTime:0.0000s ]
SQL: SELECT * FROM `wd_backstage` WHERE ( pid=25 ) ORDER BY sort asc  [ RunTime:0.0000s ]
SQL: SELECT * FROM `wd_backstage` WHERE ( pid=26 ) ORDER BY sort asc  [ RunTime:0.0010s ]
SQL: SELECT * FROM `wd_backstage` WHERE ( pid=30 ) ORDER BY sort asc  [ RunTime:0.0010s ]
SQL: SELECT * FROM `wd_backstage` WHERE ( pid=29 ) ORDER BY sort asc  [ RunTime:0.0010s ]
SQL: SELECT * FROM `wd_backstage` WHERE ( pid=27 ) ORDER BY sort asc  [ RunTime:0.0010s ]
SQL: SELECT * FROM `wd_backstage` WHERE ( pid=61 ) ORDER BY sort asc  [ RunTime:0.0010s ]
SQL: SELECT * FROM `wd_backstage` WHERE ( pid=62 ) ORDER BY sort asc  [ RunTime:0.0000s ]
SQL: SELECT * FROM `wd_backstage` WHERE ( pid=63 ) ORDER BY sort asc  [ RunTime:0.0000s ]
SQL: SELECT * FROM `wd_backstage` WHERE ( pid=31 ) ORDER BY sort asc  [ RunTime:0.0010s ]
SQL: SELECT * FROM `wd_backstage` WHERE ( pid=33 ) ORDER BY sort asc  [ RunTime:0.0000s ]
SQL: SELECT * FROM `wd_backstage` WHERE ( pid=53 ) ORDER BY sort asc  [ RunTime:0.0000s ]
SQL: SELECT * FROM `wd_backstage` WHERE ( pid=54 ) ORDER BY sort asc  [ RunTime:0.0000s ]
SQL: SELECT * FROM `wd_backstage` WHERE ( pid=60 ) ORDER BY sort asc  [ RunTime:0.0010s ]
SQL: SELECT * FROM `wd_backstage` WHERE ( pid=52 ) ORDER BY sort asc  [ RunTime:0.0010s ]
SQL: SELECT * FROM `wd_backstage` WHERE ( pid=57 ) ORDER BY sort asc  [ RunTime:0.0000s ]
SQL: SELECT * FROM `wd_backstage` WHERE ( pid=58 ) ORDER BY sort asc  [ RunTime:0.0000s ]
SQL: SELECT * FROM `wd_backstage` WHERE ( pid=37 ) ORDER BY sort asc  [ RunTime:0.0000s ]
SQL: SELECT * FROM `wd_backstage` WHERE ( pid=38 ) ORDER BY sort asc  [ RunTime:0.0010s ]
SQL: SELECT * FROM `wd_backstage` WHERE ( pid=56 ) ORDER BY sort asc  [ RunTime:0.0010s ]
SQL: SELECT * FROM `wd_backstage` WHERE ( pid=40 ) ORDER BY sort asc  [ RunTime:0.0000s ]
SQL: SELECT * FROM `wd_backstage` WHERE ( pid=41 ) ORDER BY sort asc  [ RunTime:0.0000s ]
SQL: SELECT * FROM `wd_backstage` WHERE ( pid=59 ) ORDER BY sort asc  [ RunTime:0.0000s ]
SQL: SELECT * FROM `wd_backstage` WHERE ( pid=50 ) ORDER BY sort asc  [ RunTime:0.0010s ]
SQL: SELECT * FROM `wd_backstage` WHERE ( pid=51 ) ORDER BY sort asc  [ RunTime:0.0010s ]
SQL: SELECT * FROM `wd_backstage` WHERE ( pid=43 ) ORDER BY sort asc  [ RunTime:0.0010s ]
SQL: SELECT * FROM `wd_backstage` WHERE ( pid=44 ) ORDER BY sort asc  [ RunTime:0.0010s ]
SQL: SELECT * FROM `wd_backstage` WHERE ( pid=45 ) ORDER BY sort asc  [ RunTime:0.0000s ]
SQL: SELECT * FROM `wd_backstage` WHERE ( pid=23 ) ORDER BY sort asc  [ RunTime:0.0000s ]
SQL: SELECT * FROM `wd_backstage` WHERE ( pid=47 ) ORDER BY sort asc  [ RunTime:0.0000s ]
NOTIC: [8] Undefined index: isshow E:\wamp\www\yvanfa\Application\Admin\Controller\ColumnController.class.php 第 116 行.
SQL: SHOW COLUMNS FROM `wd_column` [ RunTime:0.0040s ]
INFO: [ view_parse ] --START--
INFO: [ template_filter ] --START--
INFO: Run Behavior\ContentReplaceBehavior [ RunTime:0.000000s ]
INFO: [ template_filter ] --END-- [ RunTime:0.000000s ]
INFO: Run Behavior\ParseTemplateBehavior [ RunTime:0.009000s ]
INFO: [ view_parse ] --END-- [ RunTime:0.009000s ]
INFO: [ view_filter ] --START--
INFO: Run Behavior\WriteHtmlCacheBehavior [ RunTime:0.000000s ]
INFO: [ view_filter ] --END-- [ RunTime:0.000000s ]
INFO: [ app_end ] --START--
INFO: Run Behavior\ShowPageTraceBehavior [ RunTime:0.001000s ]
INFO: [ app_end ] --END-- [ RunTime:0.001000s ]

[ 2017-05-09T09:11:48+08:00 ] ::1 /yvanfa/index.php/Admin/Column/column_add.html
INFO: [ app_init ] --START--
INFO: Run Behavior\BuildLiteBehavior [ RunTime:0.000000s ]
INFO: [ app_init ] --END-- [ RunTime:0.001000s ]
INFO: [ app_begin ] --START--
INFO: Run Behavior\ReadHtmlCacheBehavior [ RunTime:0.001000s ]
INFO: [ app_begin ] --END-- [ RunTime:0.001000s ]
SQL: SHOW COLUMNS FROM `wd_admin` [ RunTime:0.0040s ]
SQL: SELECT * FROM `wd_admin` WHERE `username` = '1' LIMIT 1   [ RunTime:0.0000s ]
SQL: SHOW COLUMNS FROM `wd_admin` [ RunTime:0.0030s ]
SQL: SELECT * FROM `wd_admin`  [ RunTime:0.0010s ]
SQL: SHOW COLUMNS FROM `wd_backstage` [ RunTime:0.0030s ]
SQL: SELECT * FROM `wd_backstage` WHERE ( pid=0 ) ORDER BY sort asc  [ RunTime:0.0010s ]
SQL: SELECT * FROM `wd_backstage` WHERE ( pid=20 ) ORDER BY sort asc  [ RunTime:0.0000s ]
SQL: SELECT * FROM `wd_backstage` WHERE ( pid=24 ) ORDER BY sort asc  [ RunTime:0.0000s ]
SQL: SELECT * FROM `wd_backstage` WHERE ( pid=25 ) ORDER BY sort asc  [ RunTime:0.0000s ]
SQL: SELECT * FROM `wd_backstage` WHERE ( pid=26 ) ORDER BY sort asc  [ RunTime:0.0000s ]
SQL: SELECT * FROM `wd_backstage` WHERE ( pid=30 ) ORDER BY sort asc  [ RunTime:0.0010s ]
SQL: SELECT * FROM `wd_backstage` WHERE ( pid=29 ) ORDER BY sort asc  [ RunTime:0.0010s ]
SQL: SELECT * FROM `wd_backstage` WHERE ( pid=27 ) ORDER BY sort asc  [ RunTime:0.0000s ]
SQL: SELECT * FROM `wd_backstage` WHERE ( pid=61 ) ORDER BY sort asc  [ RunTime:0.0000s ]
SQL: SELECT * FROM `wd_backstage` WHERE ( pid=62 ) ORDER BY sort asc  [ RunTime:0.0010s ]
SQL: SELECT * FROM `wd_backstage` WHERE ( pid=63 ) ORDER BY sort asc  [ RunTime:0.0000s ]
SQL: SELECT * FROM `wd_backstage` WHERE ( pid=31 ) ORDER BY sort asc  [ RunTime:0.0000s ]
SQL: SELECT * FROM `wd_backstage` WHERE ( pid=33 ) ORDER BY sort asc  [ RunTime:0.0010s ]
SQL: SELECT * FROM `wd_backstage` WHERE ( pid=53 ) ORDER BY sort asc  [ RunTime:0.0010s ]
SQL: SELECT * FROM `wd_backstage` WHERE ( pid=54 ) ORDER BY sort asc  [ RunTime:0.0000s ]
SQL: SELECT * FROM `wd_backstage` WHERE ( pid=60 ) ORDER BY sort asc  [ RunTime:0.0000s ]
SQL: SELECT * FROM `wd_backstage` WHERE ( pid=52 ) ORDER BY sort asc  [ RunTime:0.0010s ]
SQL: SELECT * FROM `wd_backstage` WHERE ( pid=57 ) ORDER BY sort asc  [ RunTime:0.0000s ]
SQL: SELECT * FROM `wd_backstage` WHERE ( pid=58 ) ORDER BY sort asc  [ RunTime:0.0000s ]
SQL: SELECT * FROM `wd_backstage` WHERE ( pid=37 ) ORDER BY sort asc  [ RunTime:0.0000s ]
SQL: SELECT * FROM `wd_backstage` WHERE ( pid=38 ) ORDER BY sort asc  [ RunTime:0.0010s ]
SQL: SELECT * FROM `wd_backstage` WHERE ( pid=56 ) ORDER BY sort asc  [ RunTime:0.0000s ]
SQL: SELECT * FROM `wd_backstage` WHERE ( pid=40 ) ORDER BY sort asc  [ RunTime:0.0000s ]
SQL: SELECT * FROM `wd_backstage` WHERE ( pid=41 ) ORDER BY sort asc  [ RunTime:0.0010s ]
SQL: SELECT * FROM `wd_backstage` WHERE ( pid=59 ) ORDER BY sort asc  [ RunTime:0.0000s ]
SQL: SELECT * FROM `wd_backstage` WHERE ( pid=50 ) ORDER BY sort asc  [ RunTime:0.0000s ]
SQL: SELECT * FROM `wd_backstage` WHERE ( pid=51 ) ORDER BY sort asc  [ RunTime:0.0000s ]
SQL: SELECT * FROM `wd_backstage` WHERE ( pid=43 ) ORDER BY sort asc  [ RunTime:0.0010s ]
SQL: SELECT * FROM `wd_backstage` WHERE ( pid=44 ) ORDER BY sort asc  [ RunTime:0.0000s ]
SQL: SELECT * FROM `wd_backstage` WHERE ( pid=45 ) ORDER BY sort asc  [ RunTime:0.0000s ]
SQL: SELECT * FROM `wd_backstage` WHERE ( pid=23 ) ORDER BY sort asc  [ RunTime:0.0010s ]
SQL: SELECT * FROM `wd_backstage` WHERE ( pid=47 ) ORDER BY sort asc  [ RunTime:0.0010s ]
NOTIC: [8] Undefined index: isshow E:\wamp\www\yvanfa\Application\Admin\Controller\ColumnController.class.php 第 116 行.
SQL: SHOW COLUMNS FROM `wd_column` [ RunTime:0.0030s ]
NOTIC: [8] Undefined index: validate E:\wamp\www\yvanfa\ThinkPHP\Library\Think\Model.class.php 第 1185 行.
NOTIC: [8] Undefined index: auto E:\wamp\www\yvanfa\ThinkPHP\Library\Think\Model.class.php 第 1128 行.
NOTIC: [2] call_user_func() expects parameter 1 to be a valid callback, no array or string given E:\wamp\www\yvanfa\ThinkPHP\Library\Think\Upload.class.php 第 170 行.
SQL: INSERT INTO `wd_column` (`id`,`name`,`describe`,`img`,`create_time`,`state`) VALUES ('0','轮播','源发','2017-05-09/5911175493f31.jpg','2017-05-09 09:11:48','是') [ RunTime:0.0040s ]
INFO: [ view_parse ] --START--
INFO: [ template_filter ] --START--
INFO: Run Behavior\ContentReplaceBehavior [ RunTime:0.001000s ]
INFO: [ template_filter ] --END-- [ RunTime:0.001000s ]
INFO: Run Behavior\ParseTemplateBehavior [ RunTime:0.010000s ]
INFO: [ view_parse ] --END-- [ RunTime:0.010000s ]
INFO: [ view_filter ] --START--
INFO: Run Behavior\WriteHtmlCacheBehavior [ RunTime:0.001000s ]
INFO: [ view_filter ] --END-- [ RunTime:0.002000s ]

[ 2017-05-09T09:11:49+08:00 ] ::1 /yvanfa/index.php/Admin/Column/column.html
INFO: [ app_init ] --START--
INFO: Run Behavior\BuildLiteBehavior [ RunTime:0.000000s ]
INFO: [ app_init ] --END-- [ RunTime:0.001000s ]
INFO: [ app_begin ] --START--
INFO: Run Behavior\ReadHtmlCacheBehavior [ RunTime:0.002000s ]
INFO: [ app_begin ] --END-- [ RunTime:0.002000s ]
SQL: SHOW COLUMNS FROM `wd_admin` [ RunTime:0.0040s ]
SQL: SELECT * FROM `wd_admin` WHERE `username` = '1' LIMIT 1   [ RunTime:0.0010s ]
SQL: SHOW COLUMNS FROM `wd_admin` [ RunTime:0.0040s ]
SQL: SELECT * FROM `wd_admin`  [ RunTime:0.0010s ]
SQL: SHOW COLUMNS FROM `wd_backstage` [ RunTime:0.0030s ]
SQL: SELECT * FROM `wd_backstage` WHERE ( pid=0 ) ORDER BY sort asc  [ RunTime:0.0010s ]
SQL: SELECT * FROM `wd_backstage` WHERE ( pid=20 ) ORDER BY sort asc  [ RunTime:0.0000s ]
SQL: SELECT * FROM `wd_backstage` WHERE ( pid=24 ) ORDER BY sort asc  [ RunTime:0.0000s ]
SQL: SELECT * FROM `wd_backstage` WHERE ( pid=25 ) ORDER BY sort asc  [ RunTime:0.0010s ]
SQL: SELECT * FROM `wd_backstage` WHERE ( pid=26 ) ORDER BY sort asc  [ RunTime:0.0000s ]
SQL: SELECT * FROM `wd_backstage` WHERE ( pid=30 ) ORDER BY sort asc  [ RunTime:0.0000s ]
SQL: SELECT * FROM `wd_backstage` WHERE ( pid=29 ) ORDER BY sort asc  [ RunTime:0.0010s ]
SQL: SELECT * FROM `wd_backstage` WHERE ( pid=27 ) ORDER BY sort asc  [ RunTime:0.0000s ]
SQL: SELECT * FROM `wd_backstage` WHERE ( pid=61 ) ORDER BY sort asc  [ RunTime:0.0000s ]
SQL: SELECT * FROM `wd_backstage` WHERE ( pid=62 ) ORDER BY sort asc  [ RunTime:0.0000s ]
SQL: SELECT * FROM `wd_backstage` WHERE ( pid=63 ) ORDER BY sort asc  [ RunTime:0.0010s ]
SQL: SELECT * FROM `wd_backstage` WHERE ( pid=31 ) ORDER BY sort asc  [ RunTime:0.0000s ]
SQL: SELECT * FROM `wd_backstage` WHERE ( pid=33 ) ORDER BY sort asc  [ RunTime:0.0000s ]
SQL: SELECT * FROM `wd_backstage` WHERE ( pid=53 ) ORDER BY sort asc  [ RunTime:0.0000s ]
SQL: SELECT * FROM `wd_backstage` WHERE ( pid=54 ) ORDER BY sort asc  [ RunTime:0.0010s ]
SQL: SELECT * FROM `wd_backstage` WHERE ( pid=60 ) ORDER BY sort asc  [ RunTime:0.0010s ]
SQL: SELECT * FROM `wd_backstage` WHERE ( pid=52 ) ORDER BY sort asc  [ RunTime:0.0000s ]
SQL: SELECT * FROM `wd_backstage` WHERE ( pid=57 ) ORDER BY sort asc  [ RunTime:0.0000s ]
SQL: SELECT * FROM `wd_backstage` WHERE ( pid=58 ) ORDER BY sort asc  [ RunTime:0.0010s ]
SQL: SELECT * FROM `wd_backstage` WHERE ( pid=37 ) ORDER BY sort asc  [ RunTime:0.0010s ]
SQL: SELECT * FROM `wd_backstage` WHERE ( pid=38 ) ORDER BY sort asc  [ RunTime:0.0000s ]
SQL: SELECT * FROM `wd_backstage` WHERE ( pid=56 ) ORDER BY sort asc  [ RunTime:0.0000s ]
SQL: SELECT * FROM `wd_backstage` WHERE ( pid=40 ) ORDER BY sort asc  [ RunTime:0.0000s ]
SQL: SELECT * FROM `wd_backstage` WHERE ( pid=41 ) ORDER BY sort asc  [ RunTime:0.0010s ]
SQL: SELECT * FROM `wd_backstage` WHERE ( pid=59 ) ORDER BY sort asc  [ RunTime:0.0000s ]
SQL: SELECT * FROM `wd_backstage` WHERE ( pid=50 ) ORDER BY sort asc  [ RunTime:0.0000s ]
SQL: SELECT * FROM `wd_backstage` WHERE ( pid=51 ) ORDER BY sort asc  [ RunTime:0.0010s ]
SQL: SELECT * FROM `wd_backstage` WHERE ( pid=43 ) ORDER BY sort asc  [ RunTime:0.0010s ]
SQL: SELECT * FROM `wd_backstage` WHERE ( pid=44 ) ORDER BY sort asc  [ RunTime:0.0000s ]
SQL: SELECT * FROM `wd_backstage` WHERE ( pid=45 ) ORDER BY sort asc  [ RunTime:0.0000s ]
SQL: SELECT * FROM `wd_backstage` WHERE ( pid=23 ) ORDER BY sort asc  [ RunTime:0.0000s ]
SQL: SELECT * FROM `wd_backstage` WHERE ( pid=47 ) ORDER BY sort asc  [ RunTime:0.0010s ]
SQL: SHOW COLUMNS FROM `wd_column` [ RunTime:0.0030s ]
SQL: SELECT * FROM `wd_column`  [ RunTime:0.0000s ]
INFO: [ view_parse ] --START--
INFO: [ template_filter ] --START--
INFO: Run Behavior\ContentReplaceBehavior [ RunTime:0.000000s ]
INFO: [ template_filter ] --END-- [ RunTime:0.001000s ]
INFO: Run Behavior\ParseTemplateBehavior [ RunTime:0.014000s ]
INFO: [ view_parse ] --END-- [ RunTime:0.014000s ]
INFO: [ view_filter ] --START--
INFO: Run Behavior\WriteHtmlCacheBehavior [ RunTime:0.001000s ]
INFO: [ view_filter ] --END-- [ RunTime:0.001000s ]
INFO: [ app_end ] --START--
INFO: Run Behavior\ShowPageTraceBehavior [ RunTime:0.001000s ]
INFO: [ app_end ] --END-- [ RunTime:0.002000s ]

